[0718/152034.489:ERROR:scoped_process_suspend.cc(40)] NtResumeProcess: An attempt was made to access an exiting process. (0xc000010a)
[0718/200451.267:ERROR:process_memory_win.cc(73)] ReadMemory at 0x7ff703410000 of 64 bytes failed: Only part of a ReadProcessMemory or WriteProcessMemory request was completed. (0x12B)
[0718/200451.659:WARNING:pe_image_reader.cc(340)] could not read dos header from C:\Program Files (x86)\CryptoTab Browser\Application\browser.exe
[0718/200451.660:ERROR:process_memory_win.cc(73)] ReadMemory at 0x7ffafc3e0000 of 64 bytes failed: Only part of a ReadProcessMemory or WriteProcessMemory request was completed. (0x12B)
[0718/200451.660:WARNING:pe_image_reader.cc(340)] could not read dos header from C:\WINDOWS\SYSTEM32\ntdll.dll
[0718/200451.660:ERROR:process_memory_win.cc(73)] ReadMemory at 0x7ffaf07f0000 of 64 bytes failed: Only part of a ReadProcessMemory or WriteProcessMemory request was completed. (0x12B)
[0718/200451.660:WARNING:pe_image_reader.cc(340)] could not read dos header from C:\Program Files\Avast Software\Avast\aswhook.dll
[0718/200451.660:ERROR:process_memory_win.cc(73)] ReadMemory at 0x7ffafb5d0000 of 64 bytes failed: Only part of a ReadProcessMemory or WriteProcessMemory request was completed. (0x12B)
[0718/200451.660:WARNING:pe_image_reader.cc(340)] could not read dos header from C:\WINDOWS\System32\KERNEL32.DLL
[0718/200451.661:ERROR:process_memory_win.cc(73)] ReadMemory at 0x7ffaf9370000 of 64 bytes failed: Only part of a ReadProcessMemory or WriteProcessMemory request was completed. (0x12B)
[0718/200451.661:WARNING:pe_image_reader.cc(340)] could not read dos header from C:\WINDOWS\System32\KERNELBASE.dll
[0718/200451.661:ERROR:process_memory_win.cc(73)] ReadMemory at 0x7ffa973e0000 of 64 bytes failed: Only part of a ReadProcessMemory or WriteProcessMemory request was completed. (0x12B)
[0718/200451.661:WARNING:pe_image_reader.cc(340)] could not read dos header from C:\Program Files (x86)\CryptoTab Browser\Application\80.0.3987.163\chrome_elf.dll
[0718/200451.661:ERROR:process_memory_win.cc(73)] ReadMemory at 0x7ffaf2ea0000 of 64 bytes failed: Only part of a ReadProcessMemory or WriteProcessMemory request was completed. (0x12B)
[0718/200451.661:WARNING:pe_image_reader.cc(340)] could not read dos header from C:\WINDOWS\SYSTEM32\VERSION.dll
[0718/200451.661:ERROR:process_memory_win.cc(73)] ReadMemory at 0x7ffafb170000 of 64 bytes failed: Only part of a ReadProcessMemory or WriteProcessMemory request was completed. (0x12B)
[0718/200451.661:WARNING:pe_image_reader.cc(340)] could not read dos header from C:\WINDOWS\System32\msvcrt.dll
[0718/200451.661:ERROR:process_memory_win.cc(73)] ReadMemory at 0x7ffaf9790000 of 64 bytes failed: Only part of a ReadProcessMemory or WriteProcessMemory request was completed. (0x12B)
[0718/200451.661:WARNING:pe_image_reader.cc(340)] could not read dos header from C:\WINDOWS\System32\bcryptPrimitives.dll
[0718/200451.661:ERROR:process_memory_win.cc(73)] ReadMemory at 0x7ffafb8a0000 of 64 bytes failed: Only part of a ReadProcessMemory or WriteProcessMemory request was completed. (0x12B)
[0718/200451.661:WARNING:pe_image_reader.cc(340)] could not read dos header from C:\WINDOWS\System32\ADVAPI32.dll
[0718/200451.661:ERROR:process_memory_win.cc(73)] ReadMemory at 0x7ffafbcf0000 of 64 bytes failed: Only part of a ReadProcessMemory or WriteProcessMemory request was completed. (0x12B)
[0718/200451.661:WARNING:pe_image_reader.cc(340)] could not read dos header from C:\WINDOWS\System32\sechost.dll
[0718/200451.661:ERROR:process_memory_win.cc(73)] ReadMemory at 0x7ffafbda0000 of 64 bytes failed: Only part of a ReadProcessMemory or WriteProcessMemory request was completed. (0x12B)
[0718/200451.662:WARNING:pe_image_reader.cc(340)] could not read dos header from C:\WINDOWS\System32\RPCRT4.dll
[0718/200451.662:ERROR:process_memory_win.cc(73)] ReadMemory at 0x7ffafb2d0000 of 64 bytes failed: Only part of a ReadProcessMemory or WriteProcessMemory request was completed. (0x12B)
[0718/200451.662:WARNING:pe_image_reader.cc(340)] could not read dos header from C:\WINDOWS\System32\user32.dll
[0718/200451.662:ERROR:process_memory_win.cc(73)] ReadMemory at 0x7ffafa230000 of 64 bytes failed: Only part of a ReadProcessMemory or WriteProcessMemory request was completed. (0x12B)
[0718/200451.662:WARNING:pe_image_reader.cc(340)] could not read dos header from C:\WINDOWS\System32\win32u.dll
[0718/200451.662:ERROR:process_memory_win.cc(73)] ReadMemory at 0x7ffafb210000 of 64 bytes failed: Only part of a ReadProcessMemory or WriteProcessMemory request was completed. (0x12B)
[0718/200451.662:WARNING:pe_image_reader.cc(340)] could not read dos header from C:\WINDOWS\System32\GDI32.dll
[0718/200451.662:ERROR:process_memory_win.cc(73)] ReadMemory at 0x7ffafa290000 of 64 bytes failed: Only part of a ReadProcessMemory or WriteProcessMemory request was completed. (0x12B)
[0718/200451.662:WARNING:pe_image_reader.cc(340)] could not read dos header from C:\WINDOWS\System32\gdi32full.dll
[0718/200451.662:ERROR:process_memory_win.cc(73)] ReadMemory at 0x7ffaf9860000 of 64 bytes failed: Only part of a ReadProcessMemory or WriteProcessMemory request was completed. (0x12B)
[0718/200451.662:WARNING:pe_image_reader.cc(340)] could not read dos header from C:\WINDOWS\System32\msvcp_win.dll
[0718/200451.662:ERROR:process_memory_win.cc(73)] ReadMemory at 0x7ffaf9900000 of 64 bytes failed: Only part of a ReadProcessMemory or WriteProcessMemory request was completed. (0x12B)
[0718/200451.662:WARNING:pe_image_reader.cc(340)] could not read dos header from C:\WINDOWS\System32\ucrtbase.dll
[0718/200451.663:ERROR:process_memory_win.cc(73)] ReadMemory at 0x7ffafba40000 of 64 bytes failed: Only part of a ReadProcessMemory or WriteProcessMemory request was completed. (0x12B)
[0718/200451.663:WARNING:pe_image_reader.cc(340)] could not read dos header from C:\WINDOWS\System32\IMM32.DLL
[0718/200451.663:ERROR:process_memory_win.cc(73)] ReadMemory at 0x7ffa54a70000 of 64 bytes failed: Only part of a ReadProcessMemory or WriteProcessMemory request was completed. (0x12B)
[0718/200451.663:WARNING:pe_image_reader.cc(340)] could not read dos header from C:\Program Files (x86)\CryptoTab Browser\Application\80.0.3987.163\chrome.dll
[0718/200451.663:ERROR:process_memory_win.cc(73)] ReadMemory at 0x7ffafba70000 of 64 bytes failed: Only part of a ReadProcessMemory or WriteProcessMemory request was completed. (0x12B)
[0718/200451.663:WARNING:pe_image_reader.cc(340)] could not read dos header from C:\WINDOWS\System32\WS2_32.dll
[0718/200451.663:ERROR:process_memory_win.cc(73)] ReadMemory at 0x7ffafb970000 of 64 bytes failed: Only part of a ReadProcessMemory or WriteProcessMemory request was completed. (0x12B)
[0718/200451.663:WARNING:pe_image_reader.cc(340)] could not read dos header from C:\WINDOWS\System32\OLEAUT32.dll
[0718/200451.663:ERROR:process_memory_win.cc(73)] ReadMemory at 0x7ffafc060000 of 64 bytes failed: Only part of a ReadProcessMemory or WriteProcessMemory request was completed. (0x12B)
[0718/200451.663:WARNING:pe_image_reader.cc(340)] could not read dos header from C:\WINDOWS\System32\combase.dll
[0718/200451.663:ERROR:process_memory_win.cc(73)] ReadMemory at 0x7ffafa430000 of 64 bytes failed: Only part of a ReadProcessMemory or WriteProcessMemory request was completed. (0x12B)
[0718/200451.663:WARNING:pe_image_reader.cc(340)] could not read dos header from C:\WINDOWS\System32\WINTRUST.dll
[0718/200451.663:ERROR:process_memory_win.cc(73)] ReadMemory at 0x7ffaf9350000 of 64 bytes failed: Only part of a ReadProcessMemory or WriteProcessMemory request was completed. (0x12B)
[0718/200451.663:WARNING:pe_image_reader.cc(340)] could not read dos header from C:\WINDOWS\System32\MSASN1.dll
[0718/200451.663:ERROR:process_memory_win.cc(73)] ReadMemory at 0x7ffaf9640000 of 64 bytes failed: Only part of a ReadProcessMemory or WriteProcessMemory request was completed. (0x12B)
[0718/200451.664:WARNING:pe_image_reader.cc(340)] could not read dos header from C:\WINDOWS\System32\CRYPT32.dll
[0718/200451.664:ERROR:process_memory_win.cc(73)] ReadMemory at 0x7ffaf87c0000 of 64 bytes failed: Only part of a ReadProcessMemory or WriteProcessMemory request was completed. (0x12B)
[0718/200451.664:WARNING:pe_image_reader.cc(340)] could not read dos header from C:\WINDOWS\SYSTEM32\IPHLPAPI.DLL
[0718/200451.664:ERROR:process_memory_win.cc(73)] ReadMemory at 0x7ffaf69a0000 of 64 bytes failed: Only part of a ReadProcessMemory or WriteProcessMemory request was completed. (0x12B)
[0718/200451.664:WARNING:pe_image_reader.cc(340)] could not read dos header from C:\WINDOWS\SYSTEM32\WINMM.dll
[0718/200451.664:ERROR:process_memory_win.cc(73)] ReadMemory at 0x7ffae6030000 of 64 bytes failed: Only part of a ReadProcessMemory or WriteProcessMemory request was completed. (0x12B)
[0718/200451.664:WARNING:pe_image_reader.cc(340)] could not read dos header from C:\WINDOWS\SYSTEM32\Secur32.dll
[0718/200451.664:ERROR:process_memory_win.cc(73)] ReadMemory at 0x7ffaf9190000 of 64 bytes failed: Only part of a ReadProcessMemory or WriteProcessMemory request was completed. (0x12B)
[0718/200451.664:WARNING:pe_image_reader.cc(340)] could not read dos header from C:\WINDOWS\SYSTEM32\USERENV.dll
[0718/200451.664:ERROR:process_memory_win.cc(73)] ReadMemory at 0x7ffaf92d0000 of 64 bytes failed: Only part of a ReadProcessMemory or WriteProcessMemory request was completed. (0x12B)
[0718/200451.664:WARNING:pe_image_reader.cc(340)] could not read dos header from C:\WINDOWS\System32\profapi.dll
[0718/200451.664:ERROR:process_memory_win.cc(73)] ReadMemory at 0x7ffabf210000 of 64 bytes failed: Only part of a ReadProcessMemory or WriteProcessMemory request was completed. (0x12B)
[0718/200451.664:WARNING:pe_image_reader.cc(340)] could not read dos header from C:\WINDOWS\SYSTEM32\UIAutomationCore.DLL
[0718/200451.665:ERROR:process_memory_win.cc(73)] ReadMemory at 0x7ffaca0f0000 of 64 bytes failed: Only part of a ReadProcessMemory or WriteProcessMemory request was completed. (0x12B)
[0718/200451.665:WARNING:pe_image_reader.cc(340)] could not read dos header from C:\WINDOWS\SYSTEM32\DWrite.dll
[0718/200451.665:ERROR:process_memory_win.cc(73)] ReadMemory at 0x7ffae49e0000 of 64 bytes failed: Only part of a ReadProcessMemory or WriteProcessMemory request was completed. (0x12B)
[0718/200451.665:WARNING:pe_image_reader.cc(340)] could not read dos header from C:\WINDOWS\SYSTEM32\WINSPOOL.DRV
[0718/200451.665:ERROR:process_memory_win.cc(73)] ReadMemory at 0x7ffaf92b0000 of 64 bytes failed: Only part of a ReadProcessMemory or WriteProcessMemory request was completed. (0x12B)
[0718/200451.665:WARNING:pe_image_reader.cc(340)] could not read dos header from C:\WINDOWS\System32\kernel.appcore.dll
[0718/200451.665:ERROR:process_memory_win.cc(73)] ReadMemory at 0x7ffafa260000 of 64 bytes failed: Only part of a ReadProcessMemory or WriteProcessMemory request was completed. (0x12B)
[0718/200451.665:WARNING:pe_image_reader.cc(340)] could not read dos header from C:\WINDOWS\System32\bcrypt.dll
[0718/200451.665:ERROR:process_memory_win.cc(73)] ReadMemory at 0x7ffaf7bc0000 of 64 bytes failed: Only part of a ReadProcessMemory or WriteProcessMemory request was completed. (0x12B)
[0718/200451.665:WARNING:pe_image_reader.cc(340)] could not read dos header from C:\WINDOWS\SYSTEM32\dbghelp.dll
[0718/200451.665:ERROR:process_memory_win.cc(73)] ReadMemory at 0x7ffaf3240000 of 64 bytes failed: Only part of a ReadProcessMemory or WriteProcessMemory request was completed. (0x12B)
[0718/200451.665:WARNING:pe_image_reader.cc(340)] could not read dos header from C:\WINDOWS\SYSTEM32\WINHTTP.dll
[0718/200451.665:ERROR:process_memory_win.cc(73)] ReadMemory at 0x7ffaf2a90000 of 64 bytes failed: Only part of a ReadProcessMemory or WriteProcessMemory request was completed. (0x12B)
[0718/200451.665:WARNING:pe_image_reader.cc(340)] could not read dos header from C:\WINDOWS\SYSTEM32\dhcpcsvc.DLL
[0718/200451.665:ERROR:process_memory_win.cc(73)] ReadMemory at 0x7ffafbd90000 of 64 bytes failed: Only part of a ReadProcessMemory or WriteProcessMemory request was completed. (0x12B)
[0718/200451.665:WARNING:pe_image_reader.cc(340)] could not read dos header from C:\WINDOWS\System32\NSI.dll
[0718/200451.666:ERROR:process_memory_win.cc(73)] ReadMemory at 0x7ffaf6870000 of 64 bytes failed: Only part of a ReadProcessMemory or WriteProcessMemory request was completed. (0x12B)
[0718/200451.666:WARNING:pe_image_reader.cc(340)] could not read dos header from C:\WINDOWS\SYSTEM32\WINMMBASE.dll
[0718/200451.666:ERROR:process_memory_win.cc(73)] ReadMemory at 0x7ffaf9810000 of 64 bytes failed: Only part of a ReadProcessMemory or WriteProcessMemory request was completed. (0x12B)
[0718/200451.666:WARNING:pe_image_reader.cc(340)] could not read dos header from C:\WINDOWS\System32\cfgmgr32.dll
[0718/200451.666:ERROR:process_memory_win.cc(73)] ReadMemory at 0x7ffaf70a0000 of 64 bytes failed: Only part of a ReadProcessMemory or WriteProcessMemory request was completed. (0x12B)
[0718/200451.666:WARNING:pe_image_reader.cc(340)] could not read dos header from C:\WINDOWS\SYSTEM32\PROPSYS.dll
[0718/200451.666:ERROR:process_memory_win.cc(73)] ReadMemory at 0x7ffafbf50000 of 64 bytes failed: Only part of a ReadProcessMemory or WriteProcessMemory request was completed. (0x12B)
[0718/200451.666:WARNING:pe_image_reader.cc(340)] could not read dos header from C:\WINDOWS\System32\shcore.dll
[0718/200451.666:ERROR:process_memory_win.cc(73)] ReadMemory at 0x7ffaf91c0000 of 64 bytes failed: Only part of a ReadProcessMemory or WriteProcessMemory request was completed. (0x12B)
[0718/200451.666:WARNING:pe_image_reader.cc(340)] could not read dos header from C:\WINDOWS\SYSTEM32\SSPICLI.DLL
[0718/200451.666:ERROR:process_memory_win.cc(73)] ReadMemory at 0x7ffaf8c80000 of 64 bytes failed: Only part of a ReadProcessMemory or WriteProcessMemory request was completed. (0x12B)
[0718/200451.666:WARNING:pe_image_reader.cc(340)] could not read dos header from C:\WINDOWS\SYSTEM32\CRYPTBASE.DLL
[0718/200451.666:ERROR:process_memory_win.cc(73)] ReadMemory at 0x7ffafb470000 of 64 bytes failed: Only part of a ReadProcessMemory or WriteProcessMemory request was completed. (0x12B)
[0718/200451.666:WARNING:pe_image_reader.cc(340)] could not read dos header from C:\WINDOWS\System32\ole32.dll
[0718/200451.666:ERROR:process_memory_win.cc(73)] ReadMemory at 0x7ffaf7fa0000 of 64 bytes failed: Only part of a ReadProcessMemory or WriteProcessMemory request was completed. (0x12B)
[0718/200451.666:WARNING:pe_image_reader.cc(340)] could not read dos header from C:\WINDOWS\SYSTEM32\dxgi.dll
[0718/200451.667:ERROR:process_memory_win.cc(73)] ReadMemory at 0x7ffaf7f80000 of 64 bytes failed: Only part of a ReadProcessMemory or WriteProcessMemory request was completed. (0x12B)
[0718/200451.667:WARNING:pe_image_reader.cc(340)] could not read dos header from C:\WINDOWS\SYSTEM32\dxcore.dll
[0718/200451.667:ERROR:process_memory_win.cc(73)] ReadMemory at 0x7ffaf9a00000 of 64 bytes failed: Only part of a ReadProcessMemory or WriteProcessMemory request was completed. (0x12B)
[0718/200451.667:WARNING:pe_image_reader.cc(340)] could not read dos header from C:\WINDOWS\System32\windows.storage.dll
[0718/200451.667:ERROR:process_memory_win.cc(73)] ReadMemory at 0x7ffaf9300000 of 64 bytes failed: Only part of a ReadProcessMemory or WriteProcessMemory request was completed. (0x12B)
[0718/200451.667:WARNING:pe_image_reader.cc(340)] could not read dos header from C:\WINDOWS\System32\powrprof.dll
[0718/200451.667:ERROR:process_memory_win.cc(73)] ReadMemory at 0x7ffaf92a0000 of 64 bytes failed: Only part of a ReadProcessMemory or WriteProcessMemory request was completed. (0x12B)
[0718/200451.667:WARNING:pe_image_reader.cc(340)] could not read dos header from C:\WINDOWS\System32\UMPDC.dll
[0718/200451.667:ERROR:process_memory_win.cc(73)] ReadMemory at 0x7ffafc000000 of 64 bytes failed: Only part of a ReadProcessMemory or WriteProcessMemory request was completed. (0x12B)
[0718/200451.667:WARNING:pe_image_reader.cc(340)] could not read dos header from C:\WINDOWS\System32\shlwapi.dll
[0718/200451.667:ERROR:process_memory_win.cc(73)] ReadMemory at 0x7ffaa12f0000 of 64 bytes failed: Only part of a ReadProcessMemory or WriteProcessMemory request was completed. (0x12B)
[0718/200451.667:WARNING:pe_image_reader.cc(340)] could not read dos header from C:\WINDOWS\SYSTEM32\mf.dll
[0718/200451.667:ERROR:process_memory_win.cc(73)] ReadMemory at 0x7ffacd390000 of 64 bytes failed: Only part of a ReadProcessMemory or WriteProcessMemory request was completed. (0x12B)
[0718/200451.667:WARNING:pe_image_reader.cc(340)] could not read dos header from C:\WINDOWS\SYSTEM32\mfplat.dll
[0718/200451.667:ERROR:process_memory_win.cc(73)] ReadMemory at 0x7fface9b0000 of 64 bytes failed: Only part of a ReadProcessMemory or WriteProcessMemory request was completed. (0x12B)
[0718/200451.668:WARNING:pe_image_reader.cc(340)] could not read dos header from C:\WINDOWS\SYSTEM32\RTWorkQ.DLL
[0718/200451.668:ERROR:process_memory_win.cc(73)] ReadMemory at 0x7ffa8b2f0000 of 64 bytes failed: Only part of a ReadProcessMemory or WriteProcessMemory request was completed. (0x12B)
[0718/200451.668:WARNING:pe_image_reader.cc(340)] could not read dos header from C:\WINDOWS\SYSTEM32\msmpeg2vdec.dll
[0718/200451.668:ERROR:process_memory_win.cc(73)] ReadMemory at 0x7ffaf9620000 of 64 bytes failed: Only part of a ReadProcessMemory or WriteProcessMemory request was completed. (0x12B)
[0718/200451.668:WARNING:pe_image_reader.cc(340)] could not read dos header from C:\WINDOWS\System32\cryptsp.dll
[0718/200451.668:ERROR:process_memory_win.cc(73)] ReadMemory at 0x7ffa8e4d0000 of 64 bytes failed: Only part of a ReadProcessMemory or WriteProcessMemory request was completed. (0x12B)
[0718/200451.668:WARNING:pe_image_reader.cc(340)] could not read dos header from C:\WINDOWS\SYSTEM32\mfperfhelper.dll
[0718/200451.668:ERROR:process_memory_win.cc(73)] ReadMemory at 0x7ffabb190000 of 64 bytes failed: Only part of a ReadProcessMemory or WriteProcessMemory request was completed. (0x12B)
[0718/200451.668:WARNING:pe_image_reader.cc(340)] could not read dos header from C:\WINDOWS\SYSTEM32\dxva2.dll
[0718/200451.668:ERROR:process_memory_win.cc(73)] ReadMemory at 0x7ffa8bce0000 of 64 bytes failed: Only part of a ReadProcessMemory or WriteProcessMemory request was completed. (0x12B)
[0718/200451.668:WARNING:pe_image_reader.cc(340)] could not read dos header from C:\WINDOWS\SYSTEM32\msvproc.dll
[0718/200451.668:ERROR:process_memory_win.cc(73)] ReadMemory at 0x7ffaf2800000 of 64 bytes failed: Only part of a ReadProcessMemory or WriteProcessMemory request was completed. (0x12B)
[0718/200451.668:WARNING:pe_image_reader.cc(340)] could not read dos header from C:\WINDOWS\SYSTEM32\CompPkgSup.DLL
[0718/200451.668:ERROR:process_memory_win.cc(73)] ReadMemory at 0x7ffaf59b0000 of 64 bytes failed: Only part of a ReadProcessMemory or WriteProcessMemory request was completed. (0x12B)
[0718/200451.668:WARNING:pe_image_reader.cc(340)] could not read dos header from C:\WINDOWS\SYSTEM32\D3DCompiler_47.dll
[0718/200451.668:ERROR:process_memory_win.cc(73)] ReadMemory at 0x7ffa83ea0000 of 64 bytes failed: Only part of a ReadProcessMemory or WriteProcessMemory request was completed. (0x12B)
[0718/200451.669:WARNING:pe_image_reader.cc(340)] could not read dos header from C:\Program Files (x86)\CryptoTab Browser\Application\80.0.3987.163\libglesv2.dll
[0718/200451.669:ERROR:process_memory_win.cc(73)] ReadMemory at 0x7ffafa610000 of 64 bytes failed: Only part of a ReadProcessMemory or WriteProcessMemory request was completed. (0x12B)
[0718/200451.669:WARNING:pe_image_reader.cc(340)] could not read dos header from C:\WINDOWS\System32\SETUPAPI.dll
[0718/200451.669:ERROR:process_memory_win.cc(73)] ReadMemory at 0x7ffab0680000 of 64 bytes failed: Only part of a ReadProcessMemory or WriteProcessMemory request was completed. (0x12B)
[0718/200451.669:WARNING:pe_image_reader.cc(340)] could not read dos header from C:\Program Files (x86)\CryptoTab Browser\Application\80.0.3987.163\libegl.dll
[0718/200451.669:ERROR:process_memory_win.cc(73)] ReadMemory at 0x7ffaf7770000 of 64 bytes failed: Only part of a ReadProcessMemory or WriteProcessMemory request was completed. (0x12B)
[0718/200451.669:WARNING:pe_image_reader.cc(340)] could not read dos header from C:\WINDOWS\SYSTEM32\dwmapi.dll
[0718/200451.669:ERROR:process_memory_win.cc(73)] ReadMemory at 0x7ffaf5f90000 of 64 bytes failed: Only part of a ReadProcessMemory or WriteProcessMemory request was completed. (0x12B)
[0718/200451.669:WARNING:pe_image_reader.cc(340)] could not read dos header from C:\WINDOWS\SYSTEM32\d3d11.dll
[0718/200451.669:ERROR:process_memory_win.cc(73)] ReadMemory at 0x7ffaf61f0000 of 64 bytes failed: Only part of a ReadProcessMemory or WriteProcessMemory request was completed. (0x12B)
[0718/200451.669:WARNING:pe_image_reader.cc(340)] could not read dos header from C:\WINDOWS\SYSTEM32\dcomp.dll
[0718/200451.669:ERROR:process_memory_win.cc(73)] ReadMemory at 0x7ffae88e0000 of 64 bytes failed: Only part of a ReadProcessMemory or WriteProcessMemory request was completed. (0x12B)
[0718/200451.669:WARNING:pe_image_reader.cc(340)] could not read dos header from C:\WINDOWS\System32\DriverStore\FileRepository\ki126950.inf_amd64_fa7f56314967630d\igd10iumd64.dll
[0718/200451.669:ERROR:process_memory_win.cc(73)] ReadMemory at 0x7ffaf8de0000 of 64 bytes failed: Only part of a ReadProcessMemory or WriteProcessMemory request was completed. (0x12B)
[0718/200451.669:WARNING:pe_image_reader.cc(340)] could not read dos header from C:\WINDOWS\SYSTEM32\ncrypt.dll
[0718/200451.670:ERROR:process_memory_win.cc(73)] ReadMemory at 0x7ffaf8da0000 of 64 bytes failed: Only part of a ReadProcessMemory or WriteProcessMemory request was completed. (0x12B)
[0718/200451.670:WARNING:pe_image_reader.cc(340)] could not read dos header from C:\WINDOWS\SYSTEM32\NTASN1.dll
[0718/200451.670:ERROR:process_memory_win.cc(73)] ReadMemory at 0x7ffab6c50000 of 64 bytes failed: Only part of a ReadProcessMemory or WriteProcessMemory request was completed. (0x12B)
[0718/200451.670:WARNING:pe_image_reader.cc(340)] could not read dos header from C:\WINDOWS\System32\DriverStore\FileRepository\ki126950.inf_amd64_fa7f56314967630d\igc64.dll
[0718/200451.670:ERROR:process_memory_win.cc(73)] ReadMemory at 0x7ffafa490000 of 64 bytes failed: Only part of a ReadProcessMemory or WriteProcessMemory request was completed. (0x12B)
[0718/200451.670:WARNING:pe_image_reader.cc(340)] could not read dos header from C:\WINDOWS\System32\clbcatq.dll
[0718/200451.670:ERROR:process_memory_win.cc(73)] ReadMemory at 0x7ffaf4270000 of 64 bytes failed: Only part of a ReadProcessMemory or WriteProcessMemory request was completed. (0x12B)
[0718/200451.670:WARNING:pe_image_reader.cc(340)] could not read dos header from C:\Windows\System32\WinTypes.dll
[0718/200451.670:ERROR:process_memory_win.cc(73)] ReadMemory at 0x7ffa5c430000 of 64 bytes failed: Only part of a ReadProcessMemory or WriteProcessMemory request was completed. (0x12B)
[0718/200451.670:WARNING:pe_image_reader.cc(340)] could not read dos header from C:\WINDOWS\System32\DriverStore\FileRepository\ki126950.inf_amd64_fa7f56314967630d\igd11dxva64.dll
[0718/200451.670:ERROR:process_memory_win.cc(73)] ReadMemory at 0x7ffaa0e30000 of 64 bytes failed: Only part of a ReadProcessMemory or WriteProcessMemory request was completed. (0x12B)
[0718/200451.670:WARNING:pe_image_reader.cc(340)] could not read dos header from C:\Windows\System32\mfh264enc.dll
[0718/200451.670:ERROR:process_memory_win.cc(73)] ReadMemory at 0x7ffa75a80000 of 64 bytes failed: Only part of a ReadProcessMemory or WriteProcessMemory request was completed. (0x12B)
[0718/200451.670:WARNING:pe_image_reader.cc(340)] could not read dos header from C:\Windows\System32\Windows.Media.dll
[0718/200451.670:ERROR:process_memory_win.cc(73)] ReadMemory at 0x7ffaf8300000 of 64 bytes failed: Only part of a ReadProcessMemory or WriteProcessMemory request was completed. (0x12B)
[0718/200451.670:WARNING:pe_image_reader.cc(340)] could not read dos header from C:\WINDOWS\SYSTEM32\ntmarta.dll
[0718/200451.671:ERROR:process_memory_win.cc(73)] ReadMemory at 0x7ffaf7400000 of 64 bytes failed: Only part of a ReadProcessMemory or WriteProcessMemory request was completed. (0x12B)
[0718/200451.671:WARNING:pe_image_reader.cc(340)] could not read dos header from C:\WINDOWS\system32\uxtheme.dll
[0718/200451.671:ERROR:process_memory_win.cc(73)] ReadMemory at 0x7ffafb760000 of 64 bytes failed: Only part of a ReadProcessMemory or WriteProcessMemory request was completed. (0x12B)
[0718/200451.671:WARNING:pe_image_reader.cc(340)] could not read dos header from C:\WINDOWS\System32\MSCTF.dll
[0718/200451.671:ERROR:process_memory_win.cc(73)] ReadMemory at 0x7ff703410000 of 64 bytes failed: Only part of a ReadProcessMemory or WriteProcessMemory request was completed. (0x12B)
[0718/200451.671:WARNING:pe_image_reader.cc(340)] could not read dos header from C:\Program Files (x86)\CryptoTab Browser\Application\browser.exe
[0718/200451.671:ERROR:process_memory_win.cc(73)] ReadMemory at 0x7ffafc3e0000 of 64 bytes failed: Only part of a ReadProcessMemory or WriteProcessMemory request was completed. (0x12B)
[0718/200451.671:WARNING:pe_image_reader.cc(340)] could not read dos header from C:\WINDOWS\SYSTEM32\ntdll.dll
[0718/200451.671:ERROR:process_memory_win.cc(73)] ReadMemory at 0x7ffaf07f0000 of 64 bytes failed: Only part of a ReadProcessMemory or WriteProcessMemory request was completed. (0x12B)
[0718/200451.671:WARNING:pe_image_reader.cc(340)] could not read dos header from C:\Program Files\Avast Software\Avast\aswhook.dll
[0718/200451.671:ERROR:process_memory_win.cc(73)] ReadMemory at 0x7ffafb5d0000 of 64 bytes failed: Only part of a ReadProcessMemory or WriteProcessMemory request was completed. (0x12B)
[0718/200451.671:WARNING:pe_image_reader.cc(340)] could not read dos header from C:\WINDOWS\System32\KERNEL32.DLL
[0718/200451.671:ERROR:process_memory_win.cc(73)] ReadMemory at 0x7ffaf9370000 of 64 bytes failed: Only part of a ReadProcessMemory or WriteProcessMemory request was completed. (0x12B)
[0718/200451.671:WARNING:pe_image_reader.cc(340)] could not read dos header from C:\WINDOWS\System32\KERNELBASE.dll
[0718/200451.672:ERROR:process_memory_win.cc(73)] ReadMemory at 0x7ffa973e0000 of 64 bytes failed: Only part of a ReadProcessMemory or WriteProcessMemory request was completed. (0x12B)
[0718/200451.672:WARNING:pe_image_reader.cc(340)] could not read dos header from C:\Program Files (x86)\CryptoTab Browser\Application\80.0.3987.163\chrome_elf.dll
[0718/200451.672:ERROR:process_memory_win.cc(73)] ReadMemory at 0x7ffaf2ea0000 of 64 bytes failed: Only part of a ReadProcessMemory or WriteProcessMemory request was completed. (0x12B)
[0718/200451.672:WARNING:pe_image_reader.cc(340)] could not read dos header from C:\WINDOWS\SYSTEM32\VERSION.dll
[0718/200451.672:ERROR:process_memory_win.cc(73)] ReadMemory at 0x7ffafb170000 of 64 bytes failed: Only part of a ReadProcessMemory or WriteProcessMemory request was completed. (0x12B)
[0718/200451.672:WARNING:pe_image_reader.cc(340)] could not read dos header from C:\WINDOWS\System32\msvcrt.dll
[0718/200451.672:ERROR:process_memory_win.cc(73)] ReadMemory at 0x7ffaf9790000 of 64 bytes failed: Only part of a ReadProcessMemory or WriteProcessMemory request was completed. (0x12B)
[0718/200451.672:WARNING:pe_image_reader.cc(340)] could not read dos header from C:\WINDOWS\System32\bcryptPrimitives.dll
[0718/200451.672:ERROR:process_memory_win.cc(73)] ReadMemory at 0x7ffafb8a0000 of 64 bytes failed: Only part of a ReadProcessMemory or WriteProcessMemory request was completed. (0x12B)
[0718/200451.672:WARNING:pe_image_reader.cc(340)] could not read dos header from C:\WINDOWS\System32\ADVAPI32.dll
[0718/200451.672:ERROR:process_memory_win.cc(73)] ReadMemory at 0x7ffafbcf0000 of 64 bytes failed: Only part of a ReadProcessMemory or WriteProcessMemory request was completed. (0x12B)
[0718/200451.672:WARNING:pe_image_reader.cc(340)] could not read dos header from C:\WINDOWS\System32\sechost.dll
[0718/200451.672:ERROR:process_memory_win.cc(73)] ReadMemory at 0x7ffafbda0000 of 64 bytes failed: Only part of a ReadProcessMemory or WriteProcessMemory request was completed. (0x12B)
[0718/200451.672:WARNING:pe_image_reader.cc(340)] could not read dos header from C:\WINDOWS\System32\RPCRT4.dll
[0718/200451.672:ERROR:process_memory_win.cc(73)] ReadMemory at 0x7ffafb2d0000 of 64 bytes failed: Only part of a ReadProcessMemory or WriteProcessMemory request was completed. (0x12B)
[0718/200451.673:WARNING:pe_image_reader.cc(340)] could not read dos header from C:\WINDOWS\System32\user32.dll
[0718/200451.673:ERROR:process_memory_win.cc(73)] ReadMemory at 0x7ffafa230000 of 64 bytes failed: Only part of a ReadProcessMemory or WriteProcessMemory request was completed. (0x12B)
[0718/200451.673:WARNING:pe_image_reader.cc(340)] could not read dos header from C:\WINDOWS\System32\win32u.dll
[0718/200451.673:ERROR:process_memory_win.cc(73)] ReadMemory at 0x7ffafb210000 of 64 bytes failed: Only part of a ReadProcessMemory or WriteProcessMemory request was completed. (0x12B)
[0718/200451.673:WARNING:pe_image_reader.cc(340)] could not read dos header from C:\WINDOWS\System32\GDI32.dll
[0718/200451.673:ERROR:process_memory_win.cc(73)] ReadMemory at 0x7ffafa290000 of 64 bytes failed: Only part of a ReadProcessMemory or WriteProcessMemory request was completed. (0x12B)
[0718/200451.673:WARNING:pe_image_reader.cc(340)] could not read dos header from C:\WINDOWS\System32\gdi32full.dll
[0718/200451.673:ERROR:process_memory_win.cc(73)] ReadMemory at 0x7ffaf9860000 of 64 bytes failed: Only part of a ReadProcessMemory or WriteProcessMemory request was completed. (0x12B)
[0718/200451.673:WARNING:pe_image_reader.cc(340)] could not read dos header from C:\WINDOWS\System32\msvcp_win.dll
[0718/200451.674:ERROR:process_memory_win.cc(73)] ReadMemory at 0x7ffaf9900000 of 64 bytes failed: Only part of a ReadProcessMemory or WriteProcessMemory request was completed. (0x12B)
[0718/200451.674:WARNING:pe_image_reader.cc(340)] could not read dos header from C:\WINDOWS\System32\ucrtbase.dll
[0718/200451.674:ERROR:process_memory_win.cc(73)] ReadMemory at 0x7ffafba40000 of 64 bytes failed: Only part of a ReadProcessMemory or WriteProcessMemory request was completed. (0x12B)
[0718/200451.674:WARNING:pe_image_reader.cc(340)] could not read dos header from C:\WINDOWS\System32\IMM32.DLL
[0718/200451.674:ERROR:process_memory_win.cc(73)] ReadMemory at 0x7ffa54a70000 of 64 bytes failed: Only part of a ReadProcessMemory or WriteProcessMemory request was completed. (0x12B)
[0718/200451.674:WARNING:pe_image_reader.cc(340)] could not read dos header from C:\Program Files (x86)\CryptoTab Browser\Application\80.0.3987.163\chrome.dll
[0718/200451.674:ERROR:process_memory_win.cc(73)] ReadMemory at 0x7ffafba70000 of 64 bytes failed: Only part of a ReadProcessMemory or WriteProcessMemory request was completed. (0x12B)
[0718/200451.674:WARNING:pe_image_reader.cc(340)] could not read dos header from C:\WINDOWS\System32\WS2_32.dll
[0718/200451.674:ERROR:process_memory_win.cc(73)] ReadMemory at 0x7ffafb970000 of 64 bytes failed: Only part of a ReadProcessMemory or WriteProcessMemory request was completed. (0x12B)
[0718/200451.674:WARNING:pe_image_reader.cc(340)] could not read dos header from C:\WINDOWS\System32\OLEAUT32.dll
[0718/200451.674:ERROR:process_memory_win.cc(73)] ReadMemory at 0x7ffafc060000 of 64 bytes failed: Only part of a ReadProcessMemory or WriteProcessMemory request was completed. (0x12B)
[0718/200451.674:WARNING:pe_image_reader.cc(340)] could not read dos header from C:\WINDOWS\System32\combase.dll
[0718/200451.674:ERROR:process_memory_win.cc(73)] ReadMemory at 0x7ffafa430000 of 64 bytes failed: Only part of a ReadProcessMemory or WriteProcessMemory request was completed. (0x12B)
[0718/200451.674:WARNING:pe_image_reader.cc(340)] could not read dos header from C:\WINDOWS\System32\WINTRUST.dll
[0718/200451.674:ERROR:process_memory_win.cc(73)] ReadMemory at 0x7ffaf9350000 of 64 bytes failed: Only part of a ReadProcessMemory or WriteProcessMemory request was completed. (0x12B)
[0718/200451.674:WARNING:pe_image_reader.cc(340)] could not read dos header from C:\WINDOWS\System32\MSASN1.dll
[0718/200451.674:ERROR:process_memory_win.cc(73)] ReadMemory at 0x7ffaf9640000 of 64 bytes failed: Only part of a ReadProcessMemory or WriteProcessMemory request was completed. (0x12B)
[0718/200451.674:WARNING:pe_image_reader.cc(340)] could not read dos header from C:\WINDOWS\System32\CRYPT32.dll
[0718/200451.675:ERROR:process_memory_win.cc(73)] ReadMemory at 0x7ffaf87c0000 of 64 bytes failed: Only part of a ReadProcessMemory or WriteProcessMemory request was completed. (0x12B)
[0718/200451.675:WARNING:pe_image_reader.cc(340)] could not read dos header from C:\WINDOWS\SYSTEM32\IPHLPAPI.DLL
[0718/200451.675:ERROR:process_memory_win.cc(73)] ReadMemory at 0x7ffaf69a0000 of 64 bytes failed: Only part of a ReadProcessMemory or WriteProcessMemory request was completed. (0x12B)
[0718/200451.675:WARNING:pe_image_reader.cc(340)] could not read dos header from C:\WINDOWS\SYSTEM32\WINMM.dll
[0718/200451.675:ERROR:process_memory_win.cc(73)] ReadMemory at 0x7ffae6030000 of 64 bytes failed: Only part of a ReadProcessMemory or WriteProcessMemory request was completed. (0x12B)
[0718/200451.675:WARNING:pe_image_reader.cc(340)] could not read dos header from C:\WINDOWS\SYSTEM32\Secur32.dll
[0718/200451.675:ERROR:process_memory_win.cc(73)] ReadMemory at 0x7ffaf9190000 of 64 bytes failed: Only part of a ReadProcessMemory or WriteProcessMemory request was completed. (0x12B)
[0718/200451.675:WARNING:pe_image_reader.cc(340)] could not read dos header from C:\WINDOWS\SYSTEM32\USERENV.dll
[0718/200451.675:ERROR:process_memory_win.cc(73)] ReadMemory at 0x7ffaf92d0000 of 64 bytes failed: Only part of a ReadProcessMemory or WriteProcessMemory request was completed. (0x12B)
[0718/200451.675:WARNING:pe_image_reader.cc(340)] could not read dos header from C:\WINDOWS\System32\profapi.dll
[0718/200451.675:ERROR:process_memory_win.cc(73)] ReadMemory at 0x7ffabf210000 of 64 bytes failed: Only part of a ReadProcessMemory or WriteProcessMemory request was completed. (0x12B)
[0718/200451.675:WARNING:pe_image_reader.cc(340)] could not read dos header from C:\WINDOWS\SYSTEM32\UIAutomationCore.DLL
[0718/200451.675:ERROR:process_memory_win.cc(73)] ReadMemory at 0x7ffaca0f0000 of 64 bytes failed: Only part of a ReadProcessMemory or WriteProcessMemory request was completed. (0x12B)
[0718/200451.675:WARNING:pe_image_reader.cc(340)] could not read dos header from C:\WINDOWS\SYSTEM32\DWrite.dll
[0718/200451.676:ERROR:process_memory_win.cc(73)] ReadMemory at 0x7ffae49e0000 of 64 bytes failed: Only part of a ReadProcessMemory or WriteProcessMemory request was completed. (0x12B)
[0718/200451.676:WARNING:pe_image_reader.cc(340)] could not read dos header from C:\WINDOWS\SYSTEM32\WINSPOOL.DRV
[0718/200451.676:ERROR:process_memory_win.cc(73)] ReadMemory at 0x7ffaf92b0000 of 64 bytes failed: Only part of a ReadProcessMemory or WriteProcessMemory request was completed. (0x12B)
[0718/200451.676:WARNING:pe_image_reader.cc(340)] could not read dos header from C:\WINDOWS\System32\kernel.appcore.dll
[0718/200451.676:ERROR:process_memory_win.cc(73)] ReadMemory at 0x7ffafa260000 of 64 bytes failed: Only part of a ReadProcessMemory or WriteProcessMemory request was completed. (0x12B)
[0718/200451.676:WARNING:pe_image_reader.cc(340)] could not read dos header from C:\WINDOWS\System32\bcrypt.dll
[0718/200451.676:ERROR:process_memory_win.cc(73)] ReadMemory at 0x7ffaf7bc0000 of 64 bytes failed: Only part of a ReadProcessMemory or WriteProcessMemory request was completed. (0x12B)
[0718/200451.676:WARNING:pe_image_reader.cc(340)] could not read dos header from C:\WINDOWS\SYSTEM32\dbghelp.dll
[0718/200451.676:ERROR:process_memory_win.cc(73)] ReadMemory at 0x7ffaf3240000 of 64 bytes failed: Only part of a ReadProcessMemory or WriteProcessMemory request was completed. (0x12B)
[0718/200451.676:WARNING:pe_image_reader.cc(340)] could not read dos header from C:\WINDOWS\SYSTEM32\WINHTTP.dll
[0718/200451.676:ERROR:process_memory_win.cc(73)] ReadMemory at 0x7ffaf2a90000 of 64 bytes failed: Only part of a ReadProcessMemory or WriteProcessMemory request was completed. (0x12B)
[0718/200451.676:WARNING:pe_image_reader.cc(340)] could not read dos header from C:\WINDOWS\SYSTEM32\dhcpcsvc.DLL
[0718/200451.676:ERROR:process_memory_win.cc(73)] ReadMemory at 0x7ffafbd90000 of 64 bytes failed: Only part of a ReadProcessMemory or WriteProcessMemory request was completed. (0x12B)
[0718/200451.676:WARNING:pe_image_reader.cc(340)] could not read dos header from C:\WINDOWS\System32\NSI.dll
[0718/200451.676:ERROR:process_memory_win.cc(73)] ReadMemory at 0x7ffaf6870000 of 64 bytes failed: Only part of a ReadProcessMemory or WriteProcessMemory request was completed. (0x12B)
[0718/200451.676:WARNING:pe_image_reader.cc(340)] could not read dos header from C:\WINDOWS\SYSTEM32\WINMMBASE.dll
[0718/200451.677:ERROR:process_memory_win.cc(73)] ReadMemory at 0x7ffaf9810000 of 64 bytes failed: Only part of a ReadProcessMemory or WriteProcessMemory request was completed. (0x12B)
[0718/200451.677:WARNING:pe_image_reader.cc(340)] could not read dos header from C:\WINDOWS\System32\cfgmgr32.dll
[0718/200451.677:ERROR:process_memory_win.cc(73)] ReadMemory at 0x7ffaf70a0000 of 64 bytes failed: Only part of a ReadProcessMemory or WriteProcessMemory request was completed. (0x12B)
[0718/200451.677:WARNING:pe_image_reader.cc(340)] could not read dos header from C:\WINDOWS\SYSTEM32\PROPSYS.dll
[0718/200451.677:ERROR:process_memory_win.cc(73)] ReadMemory at 0x7ffafbf50000 of 64 bytes failed: Only part of a ReadProcessMemory or WriteProcessMemory request was completed. (0x12B)
[0718/200451.677:WARNING:pe_image_reader.cc(340)] could not read dos header from C:\WINDOWS\System32\shcore.dll
[0718/200451.677:ERROR:process_memory_win.cc(73)] ReadMemory at 0x7ffaf91c0000 of 64 bytes failed: Only part of a ReadProcessMemory or WriteProcessMemory request was completed. (0x12B)
[0718/200451.677:WARNING:pe_image_reader.cc(340)] could not read dos header from C:\WINDOWS\SYSTEM32\SSPICLI.DLL
[0718/200451.677:ERROR:process_memory_win.cc(73)] ReadMemory at 0x7ffaf8c80000 of 64 bytes failed: Only part of a ReadProcessMemory or WriteProcessMemory request was completed. (0x12B)
[0718/200451.677:WARNING:pe_image_reader.cc(340)] could not read dos header from C:\WINDOWS\SYSTEM32\CRYPTBASE.DLL
[0718/200451.677:ERROR:process_memory_win.cc(73)] ReadMemory at 0x7ffafb470000 of 64 bytes failed: Only part of a ReadProcessMemory or WriteProcessMemory request was completed. (0x12B)
[0718/200451.677:WARNING:pe_image_reader.cc(340)] could not read dos header from C:\WINDOWS\System32\ole32.dll
[0718/200451.677:ERROR:process_memory_win.cc(73)] ReadMemory at 0x7ffaf7fa0000 of 64 bytes failed: Only part of a ReadProcessMemory or WriteProcessMemory request was completed. (0x12B)
[0718/200451.677:WARNING:pe_image_reader.cc(340)] could not read dos header from C:\WINDOWS\SYSTEM32\dxgi.dll
[0718/200451.677:ERROR:process_memory_win.cc(73)] ReadMemory at 0x7ffaf7f80000 of 64 bytes failed: Only part of a ReadProcessMemory or WriteProcessMemory request was completed. (0x12B)
[0718/200451.678:WARNING:pe_image_reader.cc(340)] could not read dos header from C:\WINDOWS\SYSTEM32\dxcore.dll
[0718/200451.678:ERROR:process_memory_win.cc(73)] ReadMemory at 0x7ffaf9a00000 of 64 bytes failed: Only part of a ReadProcessMemory or WriteProcessMemory request was completed. (0x12B)
[0718/200451.678:WARNING:pe_image_reader.cc(340)] could not read dos header from C:\WINDOWS\System32\windows.storage.dll
[0718/200451.678:ERROR:process_memory_win.cc(73)] ReadMemory at 0x7ffaf9300000 of 64 bytes failed: Only part of a ReadProcessMemory or WriteProcessMemory request was completed. (0x12B)
[0718/200451.678:WARNING:pe_image_reader.cc(340)] could not read dos header from C:\WINDOWS\System32\powrprof.dll
[0718/200451.678:ERROR:process_memory_win.cc(73)] ReadMemory at 0x7ffaf92a0000 of 64 bytes failed: Only part of a ReadProcessMemory or WriteProcessMemory request was completed. (0x12B)
[0718/200451.678:WARNING:pe_image_reader.cc(340)] could not read dos header from C:\WINDOWS\System32\UMPDC.dll
[0718/200451.678:ERROR:process_memory_win.cc(73)] ReadMemory at 0x7ffafc000000 of 64 bytes failed: Only part of a ReadProcessMemory or WriteProcessMemory request was completed. (0x12B)
[0718/200451.678:WARNING:pe_image_reader.cc(340)] could not read dos header from C:\WINDOWS\System32\shlwapi.dll
[0718/200451.678:ERROR:process_memory_win.cc(73)] ReadMemory at 0x7ffaa12f0000 of 64 bytes failed: Only part of a ReadProcessMemory or WriteProcessMemory request was completed. (0x12B)
[0718/200451.678:WARNING:pe_image_reader.cc(340)] could not read dos header from C:\WINDOWS\SYSTEM32\mf.dll
[0718/200451.678:ERROR:process_memory_win.cc(73)] ReadMemory at 0x7ffacd390000 of 64 bytes failed: Only part of a ReadProcessMemory or WriteProcessMemory request was completed. (0x12B)
[0718/200451.678:WARNING:pe_image_reader.cc(340)] could not read dos header from C:\WINDOWS\SYSTEM32\mfplat.dll
[0718/200451.678:ERROR:process_memory_win.cc(73)] ReadMemory at 0x7fface9b0000 of 64 bytes failed: Only part of a ReadProcessMemory or WriteProcessMemory request was completed. (0x12B)
[0718/200451.678:WARNING:pe_image_reader.cc(340)] could not read dos header from C:\WINDOWS\SYSTEM32\RTWorkQ.DLL
[0718/200451.679:ERROR:process_memory_win.cc(73)] ReadMemory at 0x7ffa8b2f0000 of 64 bytes failed: Only part of a ReadProcessMemory or WriteProcessMemory request was completed. (0x12B)
[0718/200451.679:WARNING:pe_image_reader.cc(340)] could not read dos header from C:\WINDOWS\SYSTEM32\msmpeg2vdec.dll
[0718/200451.679:ERROR:process_memory_win.cc(73)] ReadMemory at 0x7ffaf9620000 of 64 bytes failed: Only part of a ReadProcessMemory or WriteProcessMemory request was completed. (0x12B)
[0718/200451.679:WARNING:pe_image_reader.cc(340)] could not read dos header from C:\WINDOWS\System32\cryptsp.dll
[0718/200451.679:ERROR:process_memory_win.cc(73)] ReadMemory at 0x7ffa8e4d0000 of 64 bytes failed: Only part of a ReadProcessMemory or WriteProcessMemory request was completed. (0x12B)
[0718/200451.679:WARNING:pe_image_reader.cc(340)] could not read dos header from C:\WINDOWS\SYSTEM32\mfperfhelper.dll
[0718/200451.679:ERROR:process_memory_win.cc(73)] ReadMemory at 0x7ffabb190000 of 64 bytes failed: Only part of a ReadProcessMemory or WriteProcessMemory request was completed. (0x12B)
[0718/200451.679:WARNING:pe_image_reader.cc(340)] could not read dos header from C:\WINDOWS\SYSTEM32\dxva2.dll
[0718/200451.679:ERROR:process_memory_win.cc(73)] ReadMemory at 0x7ffa8bce0000 of 64 bytes failed: Only part of a ReadProcessMemory or WriteProcessMemory request was completed. (0x12B)
[0718/200451.679:WARNING:pe_image_reader.cc(340)] could not read dos header from C:\WINDOWS\SYSTEM32\msvproc.dll
[0718/200451.679:ERROR:process_memory_win.cc(73)] ReadMemory at 0x7ffaf2800000 of 64 bytes failed: Only part of a ReadProcessMemory or WriteProcessMemory request was completed. (0x12B)
[0718/200451.679:WARNING:pe_image_reader.cc(340)] could not read dos header from C:\WINDOWS\SYSTEM32\CompPkgSup.DLL
[0718/200451.679:ERROR:process_memory_win.cc(73)] ReadMemory at 0x7ffaf59b0000 of 64 bytes failed: Only part of a ReadProcessMemory or WriteProcessMemory request was completed. (0x12B)
[0718/200451.679:WARNING:pe_image_reader.cc(340)] could not read dos header from C:\WINDOWS\SYSTEM32\D3DCompiler_47.dll
[0718/200451.679:ERROR:process_memory_win.cc(73)] ReadMemory at 0x7ffa83ea0000 of 64 bytes failed: Only part of a ReadProcessMemory or WriteProcessMemory request was completed. (0x12B)
[0718/200451.679:WARNING:pe_image_reader.cc(340)] could not read dos header from C:\Program Files (x86)\CryptoTab Browser\Application\80.0.3987.163\libglesv2.dll
[0718/200451.680:ERROR:process_memory_win.cc(73)] ReadMemory at 0x7ffafa610000 of 64 bytes failed: Only part of a ReadProcessMemory or WriteProcessMemory request was completed. (0x12B)
[0718/200451.680:WARNING:pe_image_reader.cc(340)] could not read dos header from C:\WINDOWS\System32\SETUPAPI.dll
[0718/200451.680:ERROR:process_memory_win.cc(73)] ReadMemory at 0x7ffab0680000 of 64 bytes failed: Only part of a ReadProcessMemory or WriteProcessMemory request was completed. (0x12B)
[0718/200451.680:WARNING:pe_image_reader.cc(340)] could not read dos header from C:\Program Files (x86)\CryptoTab Browser\Application\80.0.3987.163\libegl.dll
[0718/200451.680:ERROR:process_memory_win.cc(73)] ReadMemory at 0x7ffaf7770000 of 64 bytes failed: Only part of a ReadProcessMemory or WriteProcessMemory request was completed. (0x12B)
[0718/200451.680:WARNING:pe_image_reader.cc(340)] could not read dos header from C:\WINDOWS\SYSTEM32\dwmapi.dll
[0718/200451.680:ERROR:process_memory_win.cc(73)] ReadMemory at 0x7ffaf5f90000 of 64 bytes failed: Only part of a ReadProcessMemory or WriteProcessMemory request was completed. (0x12B)
[0718/200451.680:WARNING:pe_image_reader.cc(340)] could not read dos header from C:\WINDOWS\SYSTEM32\d3d11.dll
[0718/200451.680:ERROR:process_memory_win.cc(73)] ReadMemory at 0x7ffaf61f0000 of 64 bytes failed: Only part of a ReadProcessMemory or WriteProcessMemory request was completed. (0x12B)
[0718/200451.680:WARNING:pe_image_reader.cc(340)] could not read dos header from C:\WINDOWS\SYSTEM32\dcomp.dll
[0718/200451.680:ERROR:process_memory_win.cc(73)] ReadMemory at 0x7ffae88e0000 of 64 bytes failed: Only part of a ReadProcessMemory or WriteProcessMemory request was completed. (0x12B)
[0718/200451.680:WARNING:pe_image_reader.cc(340)] could not read dos header from C:\WINDOWS\System32\DriverStore\FileRepository\ki126950.inf_amd64_fa7f56314967630d\igd10iumd64.dll
[0718/200451.680:ERROR:process_memory_win.cc(73)] ReadMemory at 0x7ffaf8de0000 of 64 bytes failed: Only part of a ReadProcessMemory or WriteProcessMemory request was completed. (0x12B)
[0718/200451.680:WARNING:pe_image_reader.cc(340)] could not read dos header from C:\WINDOWS\SYSTEM32\ncrypt.dll
[0718/200451.680:ERROR:process_memory_win.cc(73)] ReadMemory at 0x7ffaf8da0000 of 64 bytes failed: Only part of a ReadProcessMemory or WriteProcessMemory request was completed. (0x12B)
[0718/200451.681:WARNING:pe_image_reader.cc(340)] could not read dos header from C:\WINDOWS\SYSTEM32\NTASN1.dll
[0718/200451.681:ERROR:process_memory_win.cc(73)] ReadMemory at 0x7ffab6c50000 of 64 bytes failed: Only part of a ReadProcessMemory or WriteProcessMemory request was completed. (0x12B)
[0718/200451.681:WARNING:pe_image_reader.cc(340)] could not read dos header from C:\WINDOWS\System32\DriverStore\FileRepository\ki126950.inf_amd64_fa7f56314967630d\igc64.dll
[0718/200451.681:ERROR:process_memory_win.cc(73)] ReadMemory at 0x7ffafa490000 of 64 bytes failed: Only part of a ReadProcessMemory or WriteProcessMemory request was completed. (0x12B)
[0718/200451.681:WARNING:pe_image_reader.cc(340)] could not read dos header from C:\WINDOWS\System32\clbcatq.dll
[0718/200451.681:ERROR:process_memory_win.cc(73)] ReadMemory at 0x7ffaf4270000 of 64 bytes failed: Only part of a ReadProcessMemory or WriteProcessMemory request was completed. (0x12B)
[0718/200451.681:WARNING:pe_image_reader.cc(340)] could not read dos header from C:\Windows\System32\WinTypes.dll
[0718/200451.681:ERROR:process_memory_win.cc(73)] ReadMemory at 0x7ffa5c430000 of 64 bytes failed: Only part of a ReadProcessMemory or WriteProcessMemory request was completed. (0x12B)
[0718/200451.681:WARNING:pe_image_reader.cc(340)] could not read dos header from C:\WINDOWS\System32\DriverStore\FileRepository\ki126950.inf_amd64_fa7f56314967630d\igd11dxva64.dll
[0718/200451.681:ERROR:process_memory_win.cc(73)] ReadMemory at 0x7ffaa0e30000 of 64 bytes failed: Only part of a ReadProcessMemory or WriteProcessMemory request was completed. (0x12B)
[0718/200451.681:WARNING:pe_image_reader.cc(340)] could not read dos header from C:\Windows\System32\mfh264enc.dll
[0718/200451.681:ERROR:process_memory_win.cc(73)] ReadMemory at 0x7ffa75a80000 of 64 bytes failed: Only part of a ReadProcessMemory or WriteProcessMemory request was completed. (0x12B)
[0718/200451.681:WARNING:pe_image_reader.cc(340)] could not read dos header from C:\Windows\System32\Windows.Media.dll
[0718/200451.681:ERROR:process_memory_win.cc(73)] ReadMemory at 0x7ffaf8300000 of 64 bytes failed: Only part of a ReadProcessMemory or WriteProcessMemory request was completed. (0x12B)
[0718/200451.681:WARNING:pe_image_reader.cc(340)] could not read dos header from C:\WINDOWS\SYSTEM32\ntmarta.dll
[0718/200451.682:ERROR:process_memory_win.cc(73)] ReadMemory at 0x7ffaf7400000 of 64 bytes failed: Only part of a ReadProcessMemory or WriteProcessMemory request was completed. (0x12B)
[0718/200451.682:WARNING:pe_image_reader.cc(340)] could not read dos header from C:\WINDOWS\system32\uxtheme.dll
[0718/200451.682:ERROR:process_memory_win.cc(73)] ReadMemory at 0x7ffafb760000 of 64 bytes failed: Only part of a ReadProcessMemory or WriteProcessMemory request was completed. (0x12B)
[0718/200451.682:WARNING:pe_image_reader.cc(340)] could not read dos header from C:\WINDOWS\System32\MSCTF.dll
[0718/200451.845:ERROR:process_memory_win.cc(73)] ReadMemory at 0x34ea9ed000 of 77824 bytes failed: Only part of a ReadProcessMemory or WriteProcessMemory request was completed. (0x12B)
[0718/200451.845:ERROR:process_memory_win.cc(73)] ReadMemory at 0x34eb9fd000 of 12288 bytes failed: Only part of a ReadProcessMemory or WriteProcessMemory request was completed. (0x12B)
[0718/200451.846:ERROR:process_memory_win.cc(73)] ReadMemory at 0x34ec1fd000 of 12288 bytes failed: Only part of a ReadProcessMemory or WriteProcessMemory request was completed. (0x12B)
[0718/200451.846:ERROR:process_memory_win.cc(73)] ReadMemory at 0x34ec9fd000 of 12288 bytes failed: Only part of a ReadProcessMemory or WriteProcessMemory request was completed. (0x12B)
[0718/200451.846:ERROR:process_memory_win.cc(73)] ReadMemory at 0x34ed1fd000 of 12288 bytes failed: Only part of a ReadProcessMemory or WriteProcessMemory request was completed. (0x12B)
[0718/200451.846:ERROR:process_memory_win.cc(73)] ReadMemory at 0x34ed9fb000 of 20480 bytes failed: Only part of a ReadProcessMemory or WriteProcessMemory request was completed. (0x12B)
[0718/200451.846:ERROR:process_memory_win.cc(73)] ReadMemory at 0x34ee1fe000 of 8192 bytes failed: Only part of a ReadProcessMemory or WriteProcessMemory request was completed. (0x12B)
[0718/200451.846:ERROR:process_memory_win.cc(73)] ReadMemory at 0x34ee9fc000 of 16384 bytes failed: Only part of a ReadProcessMemory or WriteProcessMemory request was completed. (0x12B)
[0718/200451.847:ERROR:process_memory_win.cc(73)] ReadMemory at 0x34ef9fe000 of 8192 bytes failed: Only part of a ReadProcessMemory or WriteProcessMemory request was completed. (0x12B)
[0718/200451.847:ERROR:process_memory_win.cc(73)] ReadMemory at 0x34f01ff000 of 4096 bytes failed: Only part of a ReadProcessMemory or WriteProcessMemory request was completed. (0x12B)
[0718/200451.847:ERROR:process_memory_win.cc(73)] ReadMemory at 0x34f09fe000 of 8192 bytes failed: Only part of a ReadProcessMemory or WriteProcessMemory request was completed. (0x12B)
[0718/200451.847:ERROR:process_memory_win.cc(73)] ReadMemory at 0x34f11fc000 of 16384 bytes failed: Only part of a ReadProcessMemory or WriteProcessMemory request was completed. (0x12B)
[0718/200451.847:ERROR:process_memory_win.cc(73)] ReadMemory at 0x34f19fd000 of 12288 bytes failed: Only part of a ReadProcessMemory or WriteProcessMemory request was completed. (0x12B)
[0718/200451.847:ERROR:process_memory_win.cc(73)] ReadMemory at 0x34f39f9000 of 28672 bytes failed: Only part of a ReadProcessMemory or WriteProcessMemory request was completed. (0x12B)
[0718/200451.848:ERROR:process_memory_win.cc(73)] ReadMemory at 0x34ea02e000 of 6024 bytes failed: Only part of a ReadProcessMemory or WriteProcessMemory request was completed. (0x12B)
[0718/200451.848:ERROR:process_memory_win.cc(73)] ReadMemory at 0x34ea110000 of 852 bytes failed: Only part of a ReadProcessMemory or WriteProcessMemory request was completed. (0x12B)
[0718/200451.848:ERROR:process_memory_win.cc(73)] ReadMemory at 0x34ea111000 of 6024 bytes failed: Only part of a ReadProcessMemory or WriteProcessMemory request was completed. (0x12B)
[0718/200451.848:ERROR:process_memory_win.cc(73)] ReadMemory at 0x34ea117000 of 6024 bytes failed: Only part of a ReadProcessMemory or WriteProcessMemory request was completed. (0x12B)
[0718/200451.848:ERROR:process_memory_win.cc(73)] ReadMemory at 0x34ea119000 of 6024 bytes failed: Only part of a ReadProcessMemory or WriteProcessMemory request was completed. (0x12B)
[0718/200451.848:ERROR:process_memory_win.cc(73)] ReadMemory at 0x34ea11b000 of 6024 bytes failed: Only part of a ReadProcessMemory or WriteProcessMemory request was completed. (0x12B)
[0718/200451.849:ERROR:process_memory_win.cc(73)] ReadMemory at 0x34ea11d000 of 6024 bytes failed: Only part of a ReadProcessMemory or WriteProcessMemory request was completed. (0x12B)
[0718/200451.849:ERROR:process_memory_win.cc(73)] ReadMemory at 0x34ea11f000 of 6024 bytes failed: Only part of a ReadProcessMemory or WriteProcessMemory request was completed. (0x12B)
[0718/200451.849:ERROR:process_memory_win.cc(73)] ReadMemory at 0x34ea121000 of 6024 bytes failed: Only part of a ReadProcessMemory or WriteProcessMemory request was completed. (0x12B)
[0718/200451.849:ERROR:process_memory_win.cc(73)] ReadMemory at 0x34ea123000 of 6024 bytes failed: Only part of a ReadProcessMemory or WriteProcessMemory request was completed. (0x12B)
[0718/200451.849:ERROR:process_memory_win.cc(73)] ReadMemory at 0x34ea127000 of 6024 bytes failed: Only part of a ReadProcessMemory or WriteProcessMemory request was completed. (0x12B)
[0718/200451.850:ERROR:process_memory_win.cc(73)] ReadMemory at 0x34ea129000 of 6024 bytes failed: Only part of a ReadProcessMemory or WriteProcessMemory request was completed. (0x12B)
[0718/200451.850:ERROR:process_memory_win.cc(73)] ReadMemory at 0x34ea12b000 of 6024 bytes failed: Only part of a ReadProcessMemory or WriteProcessMemory request was completed. (0x12B)
[0718/200451.850:ERROR:process_memory_win.cc(73)] ReadMemory at 0x34ea151000 of 6024 bytes failed: Only part of a ReadProcessMemory or WriteProcessMemory request was completed. (0x12B)
[0718/200451.850:ERROR:process_memory_win.cc(73)] ReadMemory at 0x34ea153000 of 6024 bytes failed: Only part of a ReadProcessMemory or WriteProcessMemory request was completed. (0x12B)
[0718/200451.850:ERROR:process_memory_win.cc(73)] ReadMemory at 0x1f281431fc0 of 512 bytes failed: Only part of a ReadProcessMemory or WriteProcessMemory request was completed. (0x12B)
[0718/200451.851:ERROR:process_memory_win.cc(73)] ReadMemory at 0x1f2816ddd40 of 512 bytes failed: Only part of a ReadProcessMemory or WriteProcessMemory request was completed. (0x12B)
[0718/200451.851:ERROR:process_memory_win.cc(73)] ReadMemory at 0x1f281711dc0 of 512 bytes failed: Only part of a ReadProcessMemory or WriteProcessMemory request was completed. (0x12B)
[0718/200451.851:ERROR:process_memory_win.cc(73)] ReadMemory at 0x1f281756870 of 512 bytes failed: Only part of a ReadProcessMemory or WriteProcessMemory request was completed. (0x12B)
[0718/200451.851:ERROR:process_memory_win.cc(73)] ReadMemory at 0x1f2885d00d0 of 196 bytes failed: Only part of a ReadProcessMemory or WriteProcessMemory request was completed. (0x12B)
[0718/200451.851:ERROR:process_memory_win.cc(73)] ReadMemory at 0x1f2885e9fe0 of 74 bytes failed: Only part of a ReadProcessMemory or WriteProcessMemory request was completed. (0x12B)
[0718/200451.851:ERROR:process_memory_win.cc(73)] ReadMemory at 0x1f288611f00 of 512 bytes failed: Only part of a ReadProcessMemory or WriteProcessMemory request was completed. (0x12B)
[0718/200451.852:ERROR:process_memory_win.cc(73)] ReadMemory at 0x1f288619400 of 512 bytes failed: Only part of a ReadProcessMemory or WriteProcessMemory request was completed. (0x12B)
[0718/200451.852:ERROR:process_memory_win.cc(73)] ReadMemory at 0x1f288633820 of 512 bytes failed: Only part of a ReadProcessMemory or WriteProcessMemory request was completed. (0x12B)
[0718/200451.852:ERROR:process_memory_win.cc(73)] ReadMemory at 0x1f288633ba0 of 512 bytes failed: Only part of a ReadProcessMemory or WriteProcessMemory request was completed. (0x12B)
[0718/200451.852:ERROR:process_memory_win.cc(73)] ReadMemory at 0x1f28863bff0 of 512 bytes failed: Only part of a ReadProcessMemory or WriteProcessMemory request was completed. (0x12B)
[0718/200451.852:ERROR:process_memory_win.cc(73)] ReadMemory at 0x1f28863c370 of 512 bytes failed: Only part of a ReadProcessMemory or WriteProcessMemory request was completed. (0x12B)
[0718/200451.852:ERROR:process_memory_win.cc(73)] ReadMemory at 0x1f28867e3f0 of 512 bytes failed: Only part of a ReadProcessMemory or WriteProcessMemory request was completed. (0x12B)
[0718/200451.852:ERROR:process_memory_win.cc(73)] ReadMemory at 0x1f2886c9140 of 62 bytes failed: Only part of a ReadProcessMemory or WriteProcessMemory request was completed. (0x12B)
[0718/200451.853:ERROR:process_memory_win.cc(73)] ReadMemory at 0x1f28a8e2e30 of 512 bytes failed: Only part of a ReadProcessMemory or WriteProcessMemory request was completed. (0x12B)
[0718/200451.853:ERROR:process_memory_win.cc(73)] ReadMemory at 0x1f28aca4280 of 512 bytes failed: Only part of a ReadProcessMemory or WriteProcessMemory request was completed. (0x12B)
[0718/200451.853:ERROR:process_memory_win.cc(73)] ReadMemory at 0x1f28b0840e0 of 132 bytes failed: Only part of a ReadProcessMemory or WriteProcessMemory request was completed. (0x12B)
[0718/200451.853:ERROR:process_memory_win.cc(73)] ReadMemory at 0x1f28b0aae70 of 512 bytes failed: Only part of a ReadProcessMemory or WriteProcessMemory request was completed. (0x12B)
[0718/200451.853:ERROR:process_memory_win.cc(73)] ReadMemory at 0x1f28b21a5a0 of 512 bytes failed: Only part of a ReadProcessMemory or WriteProcessMemory request was completed. (0x12B)
[0718/200451.853:ERROR:process_memory_win.cc(73)] ReadMemory at 0x1f28b78d3a8 of 512 bytes failed: Only part of a ReadProcessMemory or WriteProcessMemory request was completed. (0x12B)
[0718/200451.853:ERROR:process_memory_win.cc(73)] ReadMemory at 0x1f28b7a3558 of 512 bytes failed: Only part of a ReadProcessMemory or WriteProcessMemory request was completed. (0x12B)
[0718/200451.854:ERROR:process_memory_win.cc(73)] ReadMemory at 0x1f28b7efc80 of 512 bytes failed: Only part of a ReadProcessMemory or WriteProcessMemory request was completed. (0x12B)
[0718/200451.854:ERROR:process_memory_win.cc(73)] ReadMemory at 0x1f28bfe5ad0 of 512 bytes failed: Only part of a ReadProcessMemory or WriteProcessMemory request was completed. (0x12B)
[0718/200451.854:ERROR:process_memory_win.cc(73)] ReadMemory at 0x1f2ff690ad0 of 1016 bytes failed: Only part of a ReadProcessMemory or WriteProcessMemory request was completed. (0x12B)
[0718/200451.854:ERROR:process_memory_win.cc(73)] ReadMemory at 0x1f2ff690fe0 of 5266 bytes failed: Only part of a ReadProcessMemory or WriteProcessMemory request was completed. (0x12B)
[0718/200451.854:ERROR:process_memory_win.cc(73)] ReadMemory at 0x1f2ff6924b0 of 1012 bytes failed: Only part of a ReadProcessMemory or WriteProcessMemory request was completed. (0x12B)
[0718/200451.854:ERROR:process_memory_win.cc(73)] ReadMemory at 0x1f2ff692af8 of 128 bytes failed: Only part of a ReadProcessMemory or WriteProcessMemory request was completed. (0x12B)
[0718/200451.855:ERROR:process_memory_win.cc(73)] ReadMemory at 0x1f2ff692b7a of 942 bytes failed: Only part of a ReadProcessMemory or WriteProcessMemory request was completed. (0x12B)
[0718/200451.855:ERROR:process_memory_win.cc(73)] ReadMemory at 0x1f2ff692f2a of 128 bytes failed: Only part of a ReadProcessMemory or WriteProcessMemory request was completed. (0x12B)
[0718/200451.855:ERROR:process_memory_win.cc(73)] ReadMemory at 0x1f2ff692fac of 30 bytes failed: Only part of a ReadProcessMemory or WriteProcessMemory request was completed. (0x12B)
[0718/200451.855:ERROR:process_memory_win.cc(73)] ReadMemory at 0x1f2ff692fe0 of 58 bytes failed: Only part of a ReadProcessMemory or WriteProcessMemory request was completed. (0x12B)
[0718/200451.856:ERROR:process_memory_win.cc(73)] ReadMemory at 0x1f2ff6930e0 of 132 bytes failed: Only part of a ReadProcessMemory or WriteProcessMemory request was completed. (0x12B)
[0718/200451.856:ERROR:process_memory_win.cc(73)] ReadMemory at 0x1f2ff693270 of 132 bytes failed: Only part of a ReadProcessMemory or WriteProcessMemory request was completed. (0x12B)
[0718/200451.856:ERROR:process_memory_win.cc(73)] ReadMemory at 0x1f2ff693810 of 132 bytes failed: Only part of a ReadProcessMemory or WriteProcessMemory request was completed. (0x12B)
[0718/200451.856:ERROR:process_memory_win.cc(73)] ReadMemory at 0x1f2ff6939a0 of 64 bytes failed: Only part of a ReadProcessMemory or WriteProcessMemory request was completed. (0x12B)
[0718/200451.856:ERROR:process_memory_win.cc(73)] ReadMemory at 0x1f2ff6939f0 of 132 bytes failed: Only part of a ReadProcessMemory or WriteProcessMemory request was completed. (0x12B)
[0718/200451.856:ERROR:process_memory_win.cc(73)] ReadMemory at 0x1f2ff693b20 of 132 bytes failed: Only part of a ReadProcessMemory or WriteProcessMemory request was completed. (0x12B)
[0718/200451.856:ERROR:process_memory_win.cc(73)] ReadMemory at 0x1f2ff693cb0 of 98 bytes failed: Only part of a ReadProcessMemory or WriteProcessMemory request was completed. (0x12B)
[0718/200451.856:ERROR:process_memory_win.cc(73)] ReadMemory at 0x1f2ff693e90 of 132 bytes failed: Only part of a ReadProcessMemory or WriteProcessMemory request was completed. (0x12B)
[0718/200451.857:ERROR:process_memory_win.cc(73)] ReadMemory at 0x1f2ff694000 of 132 bytes failed: Only part of a ReadProcessMemory or WriteProcessMemory request was completed. (0x12B)
[0718/200451.857:ERROR:process_memory_win.cc(73)] ReadMemory at 0x1f2ff694240 of 68 bytes failed: Only part of a ReadProcessMemory or WriteProcessMemory request was completed. (0x12B)
[0718/200451.857:ERROR:process_memory_win.cc(73)] ReadMemory at 0x1f2ff698350 of 132 bytes failed: Only part of a ReadProcessMemory or WriteProcessMemory request was completed. (0x12B)
[0718/200451.857:ERROR:process_memory_win.cc(73)] ReadMemory at 0x1f2ff6984e0 of 162 bytes failed: Only part of a ReadProcessMemory or WriteProcessMemory request was completed. (0x12B)
[0718/200452.112:ERROR:process_memory_win.cc(73)] ReadMemory at 0x1f2ff699320 of 62 bytes failed: Only part of a ReadProcessMemory or WriteProcessMemory request was completed. (0x12B)
[0718/200452.113:ERROR:process_memory_win.cc(73)] ReadMemory at 0x1f2ff699480 of 132 bytes failed: Only part of a ReadProcessMemory or WriteProcessMemory request was completed. (0x12B)
[0718/200452.113:ERROR:process_memory_win.cc(73)] ReadMemory at 0x1f2ff699630 of 60 bytes failed: Only part of a ReadProcessMemory or WriteProcessMemory request was completed. (0x12B)
[0718/200452.113:ERROR:process_memory_win.cc(73)] ReadMemory at 0x1f2ff699800 of 132 bytes failed: Only part of a ReadProcessMemory or WriteProcessMemory request was completed. (0x12B)
[0718/200452.113:ERROR:process_memory_win.cc(73)] ReadMemory at 0x1f2ff699930 of 154 bytes failed: Only part of a ReadProcessMemory or WriteProcessMemory request was completed. (0x12B)
[0718/200452.114:ERROR:process_memory_win.cc(73)] ReadMemory at 0x1f2ff69b3d0 of 132 bytes failed: Only part of a ReadProcessMemory or WriteProcessMemory request was completed. (0x12B)
[0718/200452.114:ERROR:process_memory_win.cc(73)] ReadMemory at 0x1f2ff69b970 of 80 bytes failed: Only part of a ReadProcessMemory or WriteProcessMemory request was completed. (0x12B)
[0718/200452.114:ERROR:process_memory_win.cc(73)] ReadMemory at 0x1f2ff69c300 of 60 bytes failed: Only part of a ReadProcessMemory or WriteProcessMemory request was completed. (0x12B)
[0718/200452.114:ERROR:process_memory_win.cc(73)] ReadMemory at 0x1f2ff69c3a0 of 58 bytes failed: Only part of a ReadProcessMemory or WriteProcessMemory request was completed. (0x12B)
[0718/200452.114:ERROR:process_memory_win.cc(73)] ReadMemory at 0x1f2ff69c490 of 60 bytes failed: Only part of a ReadProcessMemory or WriteProcessMemory request was completed. (0x12B)
[0718/200452.115:ERROR:process_memory_win.cc(73)] ReadMemory at 0x1f2ff69c530 of 60 bytes failed: Only part of a ReadProcessMemory or WriteProcessMemory request was completed. (0x12B)
[0718/200452.115:ERROR:process_memory_win.cc(73)] ReadMemory at 0x1f2ff69c5d0 of 62 bytes failed: Only part of a ReadProcessMemory or WriteProcessMemory request was completed. (0x12B)
[0718/200452.115:ERROR:process_memory_win.cc(73)] ReadMemory at 0x1f2ff69c670 of 64 bytes failed: Only part of a ReadProcessMemory or WriteProcessMemory request was completed. (0x12B)
[0718/200452.115:ERROR:process_memory_win.cc(73)] ReadMemory at 0x1f2ff69c7b0 of 66 bytes failed: Only part of a ReadProcessMemory or WriteProcessMemory request was completed. (0x12B)
[0718/200452.115:ERROR:process_memory_win.cc(73)] ReadMemory at 0x1f2ff69c800 of 66 bytes failed: Only part of a ReadProcessMemory or WriteProcessMemory request was completed. (0x12B)
[0718/200452.116:ERROR:process_memory_win.cc(73)] ReadMemory at 0x1f2ff69c850 of 64 bytes failed: Only part of a ReadProcessMemory or WriteProcessMemory request was completed. (0x12B)
[0718/200452.116:ERROR:process_memory_win.cc(73)] ReadMemory at 0x1f2ff69ca70 of 132 bytes failed: Only part of a ReadProcessMemory or WriteProcessMemory request was completed. (0x12B)
[0718/200452.116:ERROR:process_memory_win.cc(73)] ReadMemory at 0x1f2ff69cba0 of 132 bytes failed: Only part of a ReadProcessMemory or WriteProcessMemory request was completed. (0x12B)
[0718/200452.116:ERROR:process_memory_win.cc(73)] ReadMemory at 0x1f2ff69ccd0 of 132 bytes failed: Only part of a ReadProcessMemory or WriteProcessMemory request was completed. (0x12B)
[0718/200452.117:ERROR:process_memory_win.cc(73)] ReadMemory at 0x1f2ff69ce00 of 132 bytes failed: Only part of a ReadProcessMemory or WriteProcessMemory request was completed. (0x12B)
[0718/200452.117:ERROR:process_memory_win.cc(73)] ReadMemory at 0x1f2ff69cf30 of 132 bytes failed: Only part of a ReadProcessMemory or WriteProcessMemory request was completed. (0x12B)
[0718/200452.117:ERROR:process_memory_win.cc(73)] ReadMemory at 0x1f2ff69d060 of 132 bytes failed: Only part of a ReadProcessMemory or WriteProcessMemory request was completed. (0x12B)
[0718/200452.118:ERROR:process_memory_win.cc(73)] ReadMemory at 0x1f2ff69d190 of 132 bytes failed: Only part of a ReadProcessMemory or WriteProcessMemory request was completed. (0x12B)
[0718/200452.118:ERROR:process_memory_win.cc(73)] ReadMemory at 0x1f2ff69d2c0 of 132 bytes failed: Only part of a ReadProcessMemory or WriteProcessMemory request was completed. (0x12B)
[0718/200452.118:ERROR:process_memory_win.cc(73)] ReadMemory at 0x1f2ff69d3f0 of 132 bytes failed: Only part of a ReadProcessMemory or WriteProcessMemory request was completed. (0x12B)
[0718/200452.118:ERROR:process_memory_win.cc(73)] ReadMemory at 0x1f2ff69d520 of 132 bytes failed: Only part of a ReadProcessMemory or WriteProcessMemory request was completed. (0x12B)
[0718/200452.118:ERROR:process_memory_win.cc(73)] ReadMemory at 0x1f2ff69d650 of 132 bytes failed: Only part of a ReadProcessMemory or WriteProcessMemory request was completed. (0x12B)
[0718/200452.118:ERROR:process_memory_win.cc(73)] ReadMemory at 0x1f2ff69d780 of 132 bytes failed: Only part of a ReadProcessMemory or WriteProcessMemory request was completed. (0x12B)
[0718/200452.118:ERROR:process_memory_win.cc(73)] ReadMemory at 0x1f2ff69d8b0 of 132 bytes failed: Only part of a ReadProcessMemory or WriteProcessMemory request was completed. (0x12B)
[0718/200452.119:ERROR:process_memory_win.cc(73)] ReadMemory at 0x1f2ff69f790 of 54 bytes failed: Only part of a ReadProcessMemory or WriteProcessMemory request was completed. (0x12B)
[0718/200452.119:ERROR:process_memory_win.cc(73)] ReadMemory at 0x1f2ff69fcd0 of 132 bytes failed: Only part of a ReadProcessMemory or WriteProcessMemory request was completed. (0x12B)
[0718/200452.119:ERROR:process_memory_win.cc(73)] ReadMemory at 0x1f2ff6a0420 of 132 bytes failed: Only part of a ReadProcessMemory or WriteProcessMemory request was completed. (0x12B)
[0718/200452.119:ERROR:process_memory_win.cc(73)] ReadMemory at 0x1f2ff6a0550 of 132 bytes failed: Only part of a ReadProcessMemory or WriteProcessMemory request was completed. (0x12B)
[0718/200452.119:ERROR:process_memory_win.cc(73)] ReadMemory at 0x1f2ff6a0680 of 132 bytes failed: Only part of a ReadProcessMemory or WriteProcessMemory request was completed. (0x12B)
[0718/200452.119:ERROR:process_memory_win.cc(73)] ReadMemory at 0x1f2ff6a0900 of 132 bytes failed: Only part of a ReadProcessMemory or WriteProcessMemory request was completed. (0x12B)
[0718/200452.120:ERROR:process_memory_win.cc(73)] ReadMemory at 0x1f2ff6a2610 of 132 bytes failed: Only part of a ReadProcessMemory or WriteProcessMemory request was completed. (0x12B)
[0718/200452.120:ERROR:process_memory_win.cc(73)] ReadMemory at 0x1f2ff6a7180 of 62 bytes failed: Only part of a ReadProcessMemory or WriteProcessMemory request was completed. (0x12B)
[0718/200452.120:ERROR:process_memory_win.cc(73)] ReadMemory at 0x1f2ff6a71d0 of 62 bytes failed: Only part of a ReadProcessMemory or WriteProcessMemory request was completed. (0x12B)
[0718/200452.120:ERROR:process_memory_win.cc(73)] ReadMemory at 0x1f2ff6a7220 of 62 bytes failed: Only part of a ReadProcessMemory or WriteProcessMemory request was completed. (0x12B)
[0718/200452.120:ERROR:process_memory_win.cc(73)] ReadMemory at 0x1f2ff6a7270 of 64 bytes failed: Only part of a ReadProcessMemory or WriteProcessMemory request was completed. (0x12B)
[0718/200452.120:ERROR:process_memory_win.cc(73)] ReadMemory at 0x1f2ff6a72c0 of 64 bytes failed: Only part of a ReadProcessMemory or WriteProcessMemory request was completed. (0x12B)
[0718/200452.121:ERROR:process_memory_win.cc(73)] ReadMemory at 0x1f2ff6a7310 of 60 bytes failed: Only part of a ReadProcessMemory or WriteProcessMemory request was completed. (0x12B)
[0718/200452.121:ERROR:process_memory_win.cc(73)] ReadMemory at 0x1f2ff6a7450 of 64 bytes failed: Only part of a ReadProcessMemory or WriteProcessMemory request was completed. (0x12B)
[0718/200452.121:ERROR:process_memory_win.cc(73)] ReadMemory at 0x1f2ff6a74a0 of 64 bytes failed: Only part of a ReadProcessMemory or WriteProcessMemory request was completed. (0x12B)
[0718/200452.121:ERROR:process_memory_win.cc(73)] ReadMemory at 0x1f2ff6a7540 of 62 bytes failed: Only part of a ReadProcessMemory or WriteProcessMemory request was completed. (0x12B)
[0718/200452.121:ERROR:process_memory_win.cc(73)] ReadMemory at 0x1f2ff6a75e0 of 64 bytes failed: Only part of a ReadProcessMemory or WriteProcessMemory request was completed. (0x12B)
[0718/200452.122:ERROR:process_memory_win.cc(73)] ReadMemory at 0x1f2ff6a7680 of 62 bytes failed: Only part of a ReadProcessMemory or WriteProcessMemory request was completed. (0x12B)
[0718/200452.122:ERROR:process_memory_win.cc(73)] ReadMemory at 0x1f2ff6a76d0 of 60 bytes failed: Only part of a ReadProcessMemory or WriteProcessMemory request was completed. (0x12B)
[0718/200452.122:ERROR:process_memory_win.cc(73)] ReadMemory at 0x1f2ff6a7720 of 64 bytes failed: Only part of a ReadProcessMemory or WriteProcessMemory request was completed. (0x12B)
[0718/200452.122:ERROR:process_memory_win.cc(73)] ReadMemory at 0x1f2ff6a7900 of 62 bytes failed: Only part of a ReadProcessMemory or WriteProcessMemory request was completed. (0x12B)
[0718/200452.122:ERROR:process_memory_win.cc(73)] ReadMemory at 0x1f2ff6a7950 of 62 bytes failed: Only part of a ReadProcessMemory or WriteProcessMemory request was completed. (0x12B)
[0718/200452.122:ERROR:process_memory_win.cc(73)] ReadMemory at 0x1f2ff6a79a0 of 62 bytes failed: Only part of a ReadProcessMemory or WriteProcessMemory request was completed. (0x12B)
[0718/200452.123:ERROR:process_memory_win.cc(73)] ReadMemory at 0x1f2ff6a79f0 of 60 bytes failed: Only part of a ReadProcessMemory or WriteProcessMemory request was completed. (0x12B)
[0718/200452.123:ERROR:process_memory_win.cc(73)] ReadMemory at 0x1f2ff6a7a90 of 62 bytes failed: Only part of a ReadProcessMemory or WriteProcessMemory request was completed. (0x12B)
[0718/200452.123:ERROR:process_memory_win.cc(73)] ReadMemory at 0x1f2ff6a7ae0 of 60 bytes failed: Only part of a ReadProcessMemory or WriteProcessMemory request was completed. (0x12B)
[0718/200452.123:ERROR:process_memory_win.cc(73)] ReadMemory at 0x1f2ff6a7c20 of 58 bytes failed: Only part of a ReadProcessMemory or WriteProcessMemory request was completed. (0x12B)
[0718/200452.123:ERROR:process_memory_win.cc(73)] ReadMemory at 0x1f2ff6a7e00 of 66 bytes failed: Only part of a ReadProcessMemory or WriteProcessMemory request was completed. (0x12B)
[0718/200452.123:ERROR:process_memory_win.cc(73)] ReadMemory at 0x1f2ff6a7ef0 of 60 bytes failed: Only part of a ReadProcessMemory or WriteProcessMemory request was completed. (0x12B)
[0718/200452.123:ERROR:process_memory_win.cc(73)] ReadMemory at 0x1f2ff6a7f90 of 58 bytes failed: Only part of a ReadProcessMemory or WriteProcessMemory request was completed. (0x12B)
[0718/200452.124:ERROR:process_memory_win.cc(73)] ReadMemory at 0x1f2ff6aac00 of 80 bytes failed: Only part of a ReadProcessMemory or WriteProcessMemory request was completed. (0x12B)
[0718/200452.124:ERROR:process_memory_win.cc(73)] ReadMemory at 0x1f2ff6ab560 of 78 bytes failed: Only part of a ReadProcessMemory or WriteProcessMemory request was completed. (0x12B)
[0718/200452.124:ERROR:process_memory_win.cc(73)] ReadMemory at 0x1f2ff6ab680 of 76 bytes failed: Only part of a ReadProcessMemory or WriteProcessMemory request was completed. (0x12B)
[0718/200452.124:ERROR:process_memory_win.cc(73)] ReadMemory at 0x1f2ff6abcb0 of 132 bytes failed: Only part of a ReadProcessMemory or WriteProcessMemory request was completed. (0x12B)
[0718/200452.124:ERROR:process_memory_win.cc(73)] ReadMemory at 0x1f2ff6abde0 of 132 bytes failed: Only part of a ReadProcessMemory or WriteProcessMemory request was completed. (0x12B)
[0718/200452.124:ERROR:process_memory_win.cc(73)] ReadMemory at 0x1f2ff6abf10 of 132 bytes failed: Only part of a ReadProcessMemory or WriteProcessMemory request was completed. (0x12B)
[0718/200452.125:ERROR:process_memory_win.cc(73)] ReadMemory at 0x1f2ff6ac040 of 132 bytes failed: Only part of a ReadProcessMemory or WriteProcessMemory request was completed. (0x12B)
[0718/200452.125:ERROR:process_memory_win.cc(73)] ReadMemory at 0x1f2ff6ac170 of 132 bytes failed: Only part of a ReadProcessMemory or WriteProcessMemory request was completed. (0x12B)
[0718/200452.125:ERROR:process_memory_win.cc(73)] ReadMemory at 0x1f2ff6ac2a0 of 132 bytes failed: Only part of a ReadProcessMemory or WriteProcessMemory request was completed. (0x12B)
[0718/200452.125:ERROR:process_memory_win.cc(73)] ReadMemory at 0x1f2ff6ac3d0 of 132 bytes failed: Only part of a ReadProcessMemory or WriteProcessMemory request was completed. (0x12B)
[0718/200452.125:ERROR:process_memory_win.cc(73)] ReadMemory at 0x1f2ff6ac500 of 132 bytes failed: Only part of a ReadProcessMemory or WriteProcessMemory request was completed. (0x12B)
[0718/200452.125:ERROR:process_memory_win.cc(73)] ReadMemory at 0x1f2ff6ac630 of 132 bytes failed: Only part of a ReadProcessMemory or WriteProcessMemory request was completed. (0x12B)
[0718/200452.125:ERROR:process_memory_win.cc(73)] ReadMemory at 0x1f2ff6ac760 of 132 bytes failed: Only part of a ReadProcessMemory or WriteProcessMemory request was completed. (0x12B)
[0718/200452.126:ERROR:process_memory_win.cc(73)] ReadMemory at 0x1f2ff6ac890 of 132 bytes failed: Only part of a ReadProcessMemory or WriteProcessMemory request was completed. (0x12B)
[0718/200452.126:ERROR:process_memory_win.cc(73)] ReadMemory at 0x1f2ff6ac9c0 of 132 bytes failed: Only part of a ReadProcessMemory or WriteProcessMemory request was completed. (0x12B)
[0718/200452.126:ERROR:process_memory_win.cc(73)] ReadMemory at 0x1f2ff6acaf0 of 132 bytes failed: Only part of a ReadProcessMemory or WriteProcessMemory request was completed. (0x12B)
[0718/200452.126:ERROR:process_memory_win.cc(73)] ReadMemory at 0x1f2ff6acc20 of 132 bytes failed: Only part of a ReadProcessMemory or WriteProcessMemory request was completed. (0x12B)
[0718/200452.127:ERROR:process_memory_win.cc(73)] ReadMemory at 0x1f2ff6ace80 of 132 bytes failed: Only part of a ReadProcessMemory or WriteProcessMemory request was completed. (0x12B)
[0718/200452.127:ERROR:process_memory_win.cc(73)] ReadMemory at 0x1f2ff6acfb0 of 132 bytes failed: Only part of a ReadProcessMemory or WriteProcessMemory request was completed. (0x12B)
[0718/200452.127:ERROR:process_memory_win.cc(73)] ReadMemory at 0x1f2ff6ad0e0 of 132 bytes failed: Only part of a ReadProcessMemory or WriteProcessMemory request was completed. (0x12B)
[0718/200452.127:ERROR:process_memory_win.cc(73)] ReadMemory at 0x1f2ff6ad210 of 132 bytes failed: Only part of a ReadProcessMemory or WriteProcessMemory request was completed. (0x12B)
[0718/200452.127:ERROR:process_memory_win.cc(73)] ReadMemory at 0x1f2ff6ad340 of 132 bytes failed: Only part of a ReadProcessMemory or WriteProcessMemory request was completed. (0x12B)
[0718/200452.127:ERROR:process_memory_win.cc(73)] ReadMemory at 0x1f2ff6ad470 of 132 bytes failed: Only part of a ReadProcessMemory or WriteProcessMemory request was completed. (0x12B)
[0718/200452.127:ERROR:process_memory_win.cc(73)] ReadMemory at 0x1f2ff6ad5a0 of 132 bytes failed: Only part of a ReadProcessMemory or WriteProcessMemory request was completed. (0x12B)
[0718/200452.128:ERROR:process_memory_win.cc(73)] ReadMemory at 0x1f2ff6ad6d0 of 132 bytes failed: Only part of a ReadProcessMemory or WriteProcessMemory request was completed. (0x12B)
[0718/200452.128:ERROR:process_memory_win.cc(73)] ReadMemory at 0x1f2ff6ad800 of 132 bytes failed: Only part of a ReadProcessMemory or WriteProcessMemory request was completed. (0x12B)
[0718/200452.128:ERROR:process_memory_win.cc(73)] ReadMemory at 0x1f2ff6ad930 of 132 bytes failed: Only part of a ReadProcessMemory or WriteProcessMemory request was completed. (0x12B)
[0718/200452.128:ERROR:process_memory_win.cc(73)] ReadMemory at 0x1f2ff6ada60 of 132 bytes failed: Only part of a ReadProcessMemory or WriteProcessMemory request was completed. (0x12B)
[0718/200452.128:ERROR:process_memory_win.cc(73)] ReadMemory at 0x1f2ff6b0280 of 160 bytes failed: Only part of a ReadProcessMemory or WriteProcessMemory request was completed. (0x12B)
[0718/200452.128:ERROR:process_memory_win.cc(73)] ReadMemory at 0x1f2ff6b4e90 of 52 bytes failed: Only part of a ReadProcessMemory or WriteProcessMemory request was completed. (0x12B)
[0718/200452.129:ERROR:process_memory_win.cc(73)] ReadMemory at 0x1f2ff6b7680 of 60 bytes failed: Only part of a ReadProcessMemory or WriteProcessMemory request was completed. (0x12B)
[0718/200452.129:ERROR:process_memory_win.cc(73)] ReadMemory at 0x1f2ff6b7770 of 62 bytes failed: Only part of a ReadProcessMemory or WriteProcessMemory request was completed. (0x12B)
[0718/200452.129:ERROR:process_memory_win.cc(73)] ReadMemory at 0x1f2ff6b7a40 of 66 bytes failed: Only part of a ReadProcessMemory or WriteProcessMemory request was completed. (0x12B)
[0718/200452.129:ERROR:process_memory_win.cc(73)] ReadMemory at 0x1f2ff6b8030 of 64 bytes failed: Only part of a ReadProcessMemory or WriteProcessMemory request was completed. (0x12B)
[0718/200452.129:ERROR:process_memory_win.cc(73)] ReadMemory at 0x1f2ff6b80d0 of 58 bytes failed: Only part of a ReadProcessMemory or WriteProcessMemory request was completed. (0x12B)
[0718/200452.129:ERROR:process_memory_win.cc(73)] ReadMemory at 0x1f2ff6b8580 of 58 bytes failed: Only part of a ReadProcessMemory or WriteProcessMemory request was completed. (0x12B)
[0718/200452.129:ERROR:process_memory_win.cc(73)] ReadMemory at 0x1f2ff6b85d0 of 56 bytes failed: Only part of a ReadProcessMemory or WriteProcessMemory request was completed. (0x12B)
[0718/200452.130:ERROR:process_memory_win.cc(73)] ReadMemory at 0x1f2ff6c6350 of 60 bytes failed: Only part of a ReadProcessMemory or WriteProcessMemory request was completed. (0x12B)
[0718/200452.130:ERROR:process_memory_win.cc(73)] ReadMemory at 0x1f2ff6c6b20 of 64 bytes failed: Only part of a ReadProcessMemory or WriteProcessMemory request was completed. (0x12B)
[0718/200452.433:ERROR:process_memory_win.cc(73)] ReadMemory at 0x1f2ff6c7020 of 58 bytes failed: Only part of a ReadProcessMemory or WriteProcessMemory request was completed. (0x12B)
[0718/200452.434:ERROR:process_memory_win.cc(73)] ReadMemory at 0x1f2ff6c7070 of 58 bytes failed: Only part of a ReadProcessMemory or WriteProcessMemory request was completed. (0x12B)
[0718/200452.435:ERROR:process_memory_win.cc(73)] ReadMemory at 0x1f2ff6c7410 of 134 bytes failed: Only part of a ReadProcessMemory or WriteProcessMemory request was completed. (0x12B)
[0718/200452.435:ERROR:process_memory_win.cc(73)] ReadMemory at 0x1f2ff6c76a0 of 154 bytes failed: Only part of a ReadProcessMemory or WriteProcessMemory request was completed. (0x12B)
[0718/200452.435:ERROR:process_memory_win.cc(73)] ReadMemory at 0x1f2ff6d8e30 of 62 bytes failed: Only part of a ReadProcessMemory or WriteProcessMemory request was completed. (0x12B)
[0718/200452.435:ERROR:process_memory_win.cc(73)] ReadMemory at 0x1f2ff6d91f0 of 60 bytes failed: Only part of a ReadProcessMemory or WriteProcessMemory request was completed. (0x12B)
[0718/200452.436:ERROR:process_memory_win.cc(73)] ReadMemory at 0x1f2ff6d92e0 of 62 bytes failed: Only part of a ReadProcessMemory or WriteProcessMemory request was completed. (0x12B)
[0718/200452.436:ERROR:process_memory_win.cc(73)] ReadMemory at 0x1f2ff6d9600 of 68 bytes failed: Only part of a ReadProcessMemory or WriteProcessMemory request was completed. (0x12B)
[0718/200452.436:ERROR:process_memory_win.cc(73)] ReadMemory at 0x1f2ff6d97e0 of 62 bytes failed: Only part of a ReadProcessMemory or WriteProcessMemory request was completed. (0x12B)
[0718/200452.436:ERROR:process_memory_win.cc(73)] ReadMemory at 0x1f2ff6d9920 of 58 bytes failed: Only part of a ReadProcessMemory or WriteProcessMemory request was completed. (0x12B)
[0718/200452.436:ERROR:process_memory_win.cc(73)] ReadMemory at 0x1f2ff6d9ba0 of 70 bytes failed: Only part of a ReadProcessMemory or WriteProcessMemory request was completed. (0x12B)
[0718/200452.437:ERROR:process_memory_win.cc(73)] ReadMemory at 0x1f2ff6dc1e0 of 76 bytes failed: Only part of a ReadProcessMemory or WriteProcessMemory request was completed. (0x12B)
[0718/200452.437:ERROR:process_memory_win.cc(73)] ReadMemory at 0x1f2ff6dc7e0 of 72 bytes failed: Only part of a ReadProcessMemory or WriteProcessMemory request was completed. (0x12B)
[0718/200452.437:ERROR:process_memory_win.cc(73)] ReadMemory at 0x1f2ff6dddf0 of 132 bytes failed: Only part of a ReadProcessMemory or WriteProcessMemory request was completed. (0x12B)
[0718/200452.437:ERROR:process_memory_win.cc(73)] ReadMemory at 0x1f2ff6ddf20 of 132 bytes failed: Only part of a ReadProcessMemory or WriteProcessMemory request was completed. (0x12B)
[0718/200452.438:ERROR:process_memory_win.cc(73)] ReadMemory at 0x1f2ff6de050 of 132 bytes failed: Only part of a ReadProcessMemory or WriteProcessMemory request was completed. (0x12B)
[0718/200452.438:ERROR:process_memory_win.cc(73)] ReadMemory at 0x1f2ff6de180 of 132 bytes failed: Only part of a ReadProcessMemory or WriteProcessMemory request was completed. (0x12B)
[0718/200452.438:ERROR:process_memory_win.cc(73)] ReadMemory at 0x1f2ff6de2b0 of 132 bytes failed: Only part of a ReadProcessMemory or WriteProcessMemory request was completed. (0x12B)
[0718/200452.438:ERROR:process_memory_win.cc(73)] ReadMemory at 0x1f2ff6de3e0 of 132 bytes failed: Only part of a ReadProcessMemory or WriteProcessMemory request was completed. (0x12B)
[0718/200452.439:ERROR:process_memory_win.cc(73)] ReadMemory at 0x1f2ff6de510 of 132 bytes failed: Only part of a ReadProcessMemory or WriteProcessMemory request was completed. (0x12B)
[0718/200452.439:ERROR:process_memory_win.cc(73)] ReadMemory at 0x1f2ff6de640 of 132 bytes failed: Only part of a ReadProcessMemory or WriteProcessMemory request was completed. (0x12B)
[0718/200452.439:ERROR:process_memory_win.cc(73)] ReadMemory at 0x1f2ff6de770 of 132 bytes failed: Only part of a ReadProcessMemory or WriteProcessMemory request was completed. (0x12B)
[0718/200452.440:ERROR:process_memory_win.cc(73)] ReadMemory at 0x1f2ff6de8a0 of 132 bytes failed: Only part of a ReadProcessMemory or WriteProcessMemory request was completed. (0x12B)
[0718/200452.441:ERROR:process_memory_win.cc(73)] ReadMemory at 0x1f2ff6de9d0 of 132 bytes failed: Only part of a ReadProcessMemory or WriteProcessMemory request was completed. (0x12B)
[0718/200452.441:ERROR:process_memory_win.cc(73)] ReadMemory at 0x1f2ff6deb00 of 132 bytes failed: Only part of a ReadProcessMemory or WriteProcessMemory request was completed. (0x12B)
[0718/200452.441:ERROR:process_memory_win.cc(73)] ReadMemory at 0x1f2ff6dec30 of 132 bytes failed: Only part of a ReadProcessMemory or WriteProcessMemory request was completed. (0x12B)
[0718/200452.442:ERROR:process_memory_win.cc(73)] ReadMemory at 0x1f2ff6ded60 of 132 bytes failed: Only part of a ReadProcessMemory or WriteProcessMemory request was completed. (0x12B)
[0718/200452.442:ERROR:process_memory_win.cc(73)] ReadMemory at 0x1f2ff6dee90 of 132 bytes failed: Only part of a ReadProcessMemory or WriteProcessMemory request was completed. (0x12B)
[0718/200452.442:ERROR:process_memory_win.cc(73)] ReadMemory at 0x1f2ff6defc0 of 132 bytes failed: Only part of a ReadProcessMemory or WriteProcessMemory request was completed. (0x12B)
[0718/200452.442:ERROR:process_memory_win.cc(73)] ReadMemory at 0x1f2ff6df0f0 of 132 bytes failed: Only part of a ReadProcessMemory or WriteProcessMemory request was completed. (0x12B)
[0718/200452.443:ERROR:process_memory_win.cc(73)] ReadMemory at 0x1f2ff6df220 of 132 bytes failed: Only part of a ReadProcessMemory or WriteProcessMemory request was completed. (0x12B)
[0718/200452.443:ERROR:process_memory_win.cc(73)] ReadMemory at 0x1f2ff6df350 of 132 bytes failed: Only part of a ReadProcessMemory or WriteProcessMemory request was completed. (0x12B)
[0718/200452.443:ERROR:process_memory_win.cc(73)] ReadMemory at 0x1f2ff6df480 of 132 bytes failed: Only part of a ReadProcessMemory or WriteProcessMemory request was completed. (0x12B)
[0718/200452.443:ERROR:process_memory_win.cc(73)] ReadMemory at 0x1f2ff6df6e0 of 132 bytes failed: Only part of a ReadProcessMemory or WriteProcessMemory request was completed. (0x12B)
[0718/200452.443:ERROR:process_memory_win.cc(73)] ReadMemory at 0x1f2ff6df810 of 132 bytes failed: Only part of a ReadProcessMemory or WriteProcessMemory request was completed. (0x12B)
[0718/200452.444:ERROR:process_memory_win.cc(73)] ReadMemory at 0x1f2ff6df940 of 132 bytes failed: Only part of a ReadProcessMemory or WriteProcessMemory request was completed. (0x12B)
[0718/200452.444:ERROR:process_memory_win.cc(73)] ReadMemory at 0x1f2ff6dfa70 of 132 bytes failed: Only part of a ReadProcessMemory or WriteProcessMemory request was completed. (0x12B)
[0718/200452.444:ERROR:process_memory_win.cc(73)] ReadMemory at 0x1f2ff6faee0 of 196 bytes failed: Only part of a ReadProcessMemory or WriteProcessMemory request was completed. (0x12B)
[0718/200452.445:ERROR:process_memory_win.cc(73)] ReadMemory at 0x1f2ff705610 of 60 bytes failed: Only part of a ReadProcessMemory or WriteProcessMemory request was completed. (0x12B)
[0718/200452.445:ERROR:process_memory_win.cc(73)] ReadMemory at 0x1f2ff706240 of 60 bytes failed: Only part of a ReadProcessMemory or WriteProcessMemory request was completed. (0x12B)
[0718/200452.445:ERROR:process_memory_win.cc(73)] ReadMemory at 0x1f2ff72da00 of 184 bytes failed: Only part of a ReadProcessMemory or WriteProcessMemory request was completed. (0x12B)
[0718/200452.445:ERROR:process_memory_win.cc(73)] ReadMemory at 0x1f2ff775360 of 62 bytes failed: Only part of a ReadProcessMemory or WriteProcessMemory request was completed. (0x12B)
[0718/200452.446:ERROR:process_memory_win.cc(73)] ReadMemory at 0x1f2ff7754a0 of 64 bytes failed: Only part of a ReadProcessMemory or WriteProcessMemory request was completed. (0x12B)
[0718/200452.446:ERROR:process_memory_win.cc(73)] ReadMemory at 0x1f2ff78bd90 of 66 bytes failed: Only part of a ReadProcessMemory or WriteProcessMemory request was completed. (0x12B)
[0718/200452.446:ERROR:process_memory_win.cc(73)] ReadMemory at 0x1f2ff78c560 of 62 bytes failed: Only part of a ReadProcessMemory or WriteProcessMemory request was completed. (0x12B)
[0718/200452.447:ERROR:process_memory_win.cc(73)] ReadMemory at 0x7ffa57bc5ed2 of 512 bytes failed: Only part of a ReadProcessMemory or WriteProcessMemory request was completed. (0x12B)
[0718/200452.447:ERROR:process_memory_win.cc(73)] ReadMemory at 0x7ffa5b4538e2 of 512 bytes failed: Only part of a ReadProcessMemory or WriteProcessMemory request was completed. (0x12B)
[0718/200452.447:ERROR:process_memory_win.cc(73)] ReadMemory at 0x7ffa5bd2f558 of 512 bytes failed: Only part of a ReadProcessMemory or WriteProcessMemory request was completed. (0x12B)
[0718/200452.447:ERROR:process_memory_win.cc(73)] ReadMemory at 0x7ffab72b0760 of 512 bytes failed: Only part of a ReadProcessMemory or WriteProcessMemory request was completed. (0x12B)
[0718/200452.448:ERROR:process_memory_win.cc(73)] ReadMemory at 0x7ffaf95dc6e0 of 512 bytes failed: Only part of a ReadProcessMemory or WriteProcessMemory request was completed. (0x12B)
[0718/200452.448:ERROR:process_memory_win.cc(73)] ReadMemory at 0x7ffafa235bc4 of 512 bytes failed: Only part of a ReadProcessMemory or WriteProcessMemory request was completed. (0x12B)
[0718/200452.448:ERROR:process_memory_win.cc(73)] ReadMemory at 0x7ffafa239a04 of 512 bytes failed: Only part of a ReadProcessMemory or WriteProcessMemory request was completed. (0x12B)
[0718/200452.448:ERROR:process_memory_win.cc(73)] ReadMemory at 0x7ffafb2f1b90 of 512 bytes failed: Only part of a ReadProcessMemory or WriteProcessMemory request was completed. (0x12B)
[0718/200452.449:ERROR:process_memory_win.cc(73)] ReadMemory at 0x7ffafc47c074 of 672 bytes failed: Only part of a ReadProcessMemory or WriteProcessMemory request was completed. (0x12B)
[0718/200452.449:ERROR:process_memory_win.cc(73)] ReadMemory at 0x7ffafc47c674 of 512 bytes failed: Only part of a ReadProcessMemory or WriteProcessMemory request was completed. (0x12B)
[0718/200452.449:ERROR:process_memory_win.cc(73)] ReadMemory at 0x7ffafc47cb44 of 512 bytes failed: Only part of a ReadProcessMemory or WriteProcessMemory request was completed. (0x12B)
[0718/200452.450:ERROR:process_memory_win.cc(73)] ReadMemory at 0x7ffafc47f984 of 512 bytes failed: Only part of a ReadProcessMemory or WriteProcessMemory request was completed. (0x12B)
[0718/200452.450:ERROR:process_memory_win.cc(73)] ReadMemory at 0x7ffafc50c428 of 18 bytes failed: Only part of a ReadProcessMemory or WriteProcessMemory request was completed. (0x12B)
[0718/200452.450:ERROR:process_memory_win.cc(73)] ReadMemory at 0x7ffafc53f4f8 of 40 bytes failed: Only part of a ReadProcessMemory or WriteProcessMemory request was completed. (0x12B)
[0718/200452.451:ERROR:process_memory_win.cc(73)] ReadMemory at 0x7ffafc53f978 of 48 bytes failed: Only part of a ReadProcessMemory or WriteProcessMemory request was completed. (0x12B)
[0718/200452.451:ERROR:process_memory_win.cc(73)] ReadMemory at 0x7ffafc5453c0 of 64 bytes failed: Only part of a ReadProcessMemory or WriteProcessMemory request was completed. (0x12B)
[0718/200500.633:ERROR:scoped_process_suspend.cc(40)] NtResumeProcess: An attempt was made to access an exiting process. (0xc000010a)
